
Processing selection/3_jets/select_ML_QCD.C+("QCD_Pt_3200toInf_TuneCP5_13TeV_pythia8","outputs_temp",-1,2017)...
begin loop over files
Processing /isilon/hadoop/store/user/dryu/DijetSkim/v2_0_7/QCD_Pt_2017/QCD_Pt_3200toInf_TuneCP5_13TeV_pythia8/QCD_Pt_3200toInf/201215_063046/0000/nanoskim_1.root
Warning in <TClass::Init>: no dictionary for class edm::Hash<1> is available
Warning in <TClass::Init>: no dictionary for class edm::ProcessHistory is available
Warning in <TClass::Init>: no dictionary for class edm::ProcessConfiguration is available
Warning in <TClass::Init>: no dictionary for class edm::ParameterSetBlob is available
Warning in <TClass::Init>: no dictionary for class pair<edm::Hash<1>,edm::ParameterSetBlob> is available
====== Using 2017/8 HLT set =======
Processing: 0
Processing: 0.0659772
Processing: 0.131954
Processing: 0.197932
Processing: 0.263909
Processing: 0.329886
Processing: 0.395864
Processing: 0.461841
Processing: 0.527818
Processing: 0.593795
Processing: 0.659772
Processing: 0.72575
Processing: 0.791727
Processing: 0.857704
Processing: 0.923681
Processing: 0.989659
757837 757836 367746 0 0
Info in <TCanvas::Print>: png file njet.png has been created
selectTrijet: Real Time =  28.23 seconds Cpu Time =  12.05 seconds
