
Processing selection/3_jets/select_ML_QCD.C+("QCD_Pt_300to470_TuneCP5_13TeV_pythia8","outputs_temp",-1,2017)...
begin loop over files
Processing /isilon/hadoop/store/user/dryu/DijetSkim/v2_0_7/QCD_Pt_2017/QCD_Pt_300to470_TuneCP5_13TeV_pythia8/QCD_Pt_300to470_ext1/201215_062906/0000/nanoskim_8.root
Warning in <TClass::Init>: no dictionary for class edm::Hash<1> is available
Warning in <TClass::Init>: no dictionary for class edm::ProcessHistory is available
Warning in <TClass::Init>: no dictionary for class edm::ProcessConfiguration is available
Warning in <TClass::Init>: no dictionary for class edm::ParameterSetBlob is available
Warning in <TClass::Init>: no dictionary for class pair<edm::Hash<1>,edm::ParameterSetBlob> is available
====== Using 2017/8 HLT set =======
Processing /isilon/hadoop/store/user/dryu/DijetSkim/v2_0_7/QCD_Pt_2017/QCD_Pt_300to470_TuneCP5_13TeV_pythia8/QCD_Pt_300to470_ext1/201215_062906/0000/nanoskim_32.root
====== Using 2017/8 HLT set =======
Processing /isilon/hadoop/store/user/dryu/DijetSkim/v2_0_7/QCD_Pt_2017/QCD_Pt_300to470_TuneCP5_13TeV_pythia8/QCD_Pt_300to470_ext1/201215_062906/0000/nanoskim_19.root
====== Using 2017/8 HLT set =======
Processing /isilon/hadoop/store/user/dryu/DijetSkim/v2_0_7/QCD_Pt_2017/QCD_Pt_300to470_TuneCP5_13TeV_pythia8/QCD_Pt_300to470_ext1/201215_062906/0000/nanoskim_39.root
====== Using 2017/8 HLT set =======
Processing /isilon/hadoop/store/user/dryu/DijetSkim/v2_0_7/QCD_Pt_2017/QCD_Pt_300to470_TuneCP5_13TeV_pythia8/QCD_Pt_300to470_ext1/201215_062906/0000/nanoskim_3.root
====== Using 2017/8 HLT set =======
Processing /isilon/hadoop/store/user/dryu/DijetSkim/v2_0_7/QCD_Pt_2017/QCD_Pt_300to470_TuneCP5_13TeV_pythia8/QCD_Pt_300to470_ext1/201215_062906/0000/nanoskim_20.root
====== Using 2017/8 HLT set =======
Processing /isilon/hadoop/store/user/dryu/DijetSkim/v2_0_7/QCD_Pt_2017/QCD_Pt_300to470_TuneCP5_13TeV_pythia8/QCD_Pt_300to470_ext1/201215_062906/0000/nanoskim_18.root
====== Using 2017/8 HLT set =======
Processing /isilon/hadoop/store/user/dryu/DijetSkim/v2_0_7/QCD_Pt_2017/QCD_Pt_300to470_TuneCP5_13TeV_pythia8/QCD_Pt_300to470_ext1/201215_062906/0000/nanoskim_24.root
====== Using 2017/8 HLT set =======
Processing /isilon/hadoop/store/user/dryu/DijetSkim/v2_0_7/QCD_Pt_2017/QCD_Pt_300to470_TuneCP5_13TeV_pythia8/QCD_Pt_300to470_ext1/201215_062906/0000/nanoskim_12.root
====== Using 2017/8 HLT set =======
Processing /isilon/hadoop/store/user/dryu/DijetSkim/v2_0_7/QCD_Pt_2017/QCD_Pt_300to470_TuneCP5_13TeV_pythia8/QCD_Pt_300to470_ext1/201215_062906/0000/nanoskim_54.root
====== Using 2017/8 HLT set =======
Processing /isilon/hadoop/store/user/dryu/DijetSkim/v2_0_7/QCD_Pt_2017/QCD_Pt_300to470_TuneCP5_13TeV_pythia8/QCD_Pt_300to470_ext1/201215_062906/0000/nanoskim_34.root
====== Using 2017/8 HLT set =======
Processing /isilon/hadoop/store/user/dryu/DijetSkim/v2_0_7/QCD_Pt_2017/QCD_Pt_300to470_TuneCP5_13TeV_pythia8/QCD_Pt_300to470_ext1/201215_062906/0000/nanoskim_37.root
====== Using 2017/8 HLT set =======
Processing /isilon/hadoop/store/user/dryu/DijetSkim/v2_0_7/QCD_Pt_2017/QCD_Pt_300to470_TuneCP5_13TeV_pythia8/QCD_Pt_300to470_ext1/201215_062906/0000/nanoskim_30.root
====== Using 2017/8 HLT set =======
Processing /isilon/hadoop/store/user/dryu/DijetSkim/v2_0_7/QCD_Pt_2017/QCD_Pt_300to470_TuneCP5_13TeV_pythia8/QCD_Pt_300to470_ext1/201215_062906/0000/nanoskim_10.root
====== Using 2017/8 HLT set =======
Processing /isilon/hadoop/store/user/dryu/DijetSkim/v2_0_7/QCD_Pt_2017/QCD_Pt_300to470_TuneCP5_13TeV_pythia8/QCD_Pt_300to470_ext1/201215_062906/0000/nanoskim_1.root
====== Using 2017/8 HLT set =======
Processing /isilon/hadoop/store/user/dryu/DijetSkim/v2_0_7/QCD_Pt_2017/QCD_Pt_300to470_TuneCP5_13TeV_pythia8/QCD_Pt_300to470_ext1/201215_062906/0000/nanoskim_35.root
====== Using 2017/8 HLT set =======
Processing /isilon/hadoop/store/user/dryu/DijetSkim/v2_0_7/QCD_Pt_2017/QCD_Pt_300to470_TuneCP5_13TeV_pythia8/QCD_Pt_300to470_ext1/201215_062906/0000/nanoskim_57.root
====== Using 2017/8 HLT set =======
Processing /isilon/hadoop/store/user/dryu/DijetSkim/v2_0_7/QCD_Pt_2017/QCD_Pt_300to470_TuneCP5_13TeV_pythia8/QCD_Pt_300to470_ext1/201215_062906/0000/nanoskim_4.root
====== Using 2017/8 HLT set =======
Processing /isilon/hadoop/store/user/dryu/DijetSkim/v2_0_7/QCD_Pt_2017/QCD_Pt_300to470_TuneCP5_13TeV_pythia8/QCD_Pt_300to470_ext1/201215_062906/0000/nanoskim_44.root
====== Using 2017/8 HLT set =======
Processing /isilon/hadoop/store/user/dryu/DijetSkim/v2_0_7/QCD_Pt_2017/QCD_Pt_300to470_TuneCP5_13TeV_pythia8/QCD_Pt_300to470_ext1/201215_062906/0000/nanoskim_13.root
====== Using 2017/8 HLT set =======
Processing /isilon/hadoop/store/user/dryu/DijetSkim/v2_0_7/QCD_Pt_2017/QCD_Pt_300to470_TuneCP5_13TeV_pythia8/QCD_Pt_300to470_ext1/201215_062906/0000/nanoskim_38.root
====== Using 2017/8 HLT set =======
Processing /isilon/hadoop/store/user/dryu/DijetSkim/v2_0_7/QCD_Pt_2017/QCD_Pt_300to470_TuneCP5_13TeV_pythia8/QCD_Pt_300to470_ext1/201215_062906/0000/nanoskim_50.root
====== Using 2017/8 HLT set =======
Processing /isilon/hadoop/store/user/dryu/DijetSkim/v2_0_7/QCD_Pt_2017/QCD_Pt_300to470_TuneCP5_13TeV_pythia8/QCD_Pt_300to470_ext1/201215_062906/0000/nanoskim_43.root
====== Using 2017/8 HLT set =======
Processing /isilon/hadoop/store/user/dryu/DijetSkim/v2_0_7/QCD_Pt_2017/QCD_Pt_300to470_TuneCP5_13TeV_pythia8/QCD_Pt_300to470_ext1/201215_062906/0000/nanoskim_31.root
====== Using 2017/8 HLT set =======
Processing /isilon/hadoop/store/user/dryu/DijetSkim/v2_0_7/QCD_Pt_2017/QCD_Pt_300to470_TuneCP5_13TeV_pythia8/QCD_Pt_300to470_ext1/201215_062906/0000/nanoskim_53.root
====== Using 2017/8 HLT set =======
Processing /isilon/hadoop/store/user/dryu/DijetSkim/v2_0_7/QCD_Pt_2017/QCD_Pt_300to470_TuneCP5_13TeV_pythia8/QCD_Pt_300to470_ext1/201215_062906/0000/nanoskim_17.root
====== Using 2017/8 HLT set =======
Processing /isilon/hadoop/store/user/dryu/DijetSkim/v2_0_7/QCD_Pt_2017/QCD_Pt_300to470_TuneCP5_13TeV_pythia8/QCD_Pt_300to470_ext1/201215_062906/0000/nanoskim_48.root
====== Using 2017/8 HLT set =======
Processing /isilon/hadoop/store/user/dryu/DijetSkim/v2_0_7/QCD_Pt_2017/QCD_Pt_300to470_TuneCP5_13TeV_pythia8/QCD_Pt_300to470_ext1/201215_062906/0000/nanoskim_55.root
====== Using 2017/8 HLT set =======
Processing /isilon/hadoop/store/user/dryu/DijetSkim/v2_0_7/QCD_Pt_2017/QCD_Pt_300to470_TuneCP5_13TeV_pythia8/QCD_Pt_300to470_ext1/201215_062906/0000/nanoskim_61.root
====== Using 2017/8 HLT set =======
Processing /isilon/hadoop/store/user/dryu/DijetSkim/v2_0_7/QCD_Pt_2017/QCD_Pt_300to470_TuneCP5_13TeV_pythia8/QCD_Pt_300to470_ext1/201215_062906/0000/nanoskim_2.root
====== Using 2017/8 HLT set =======
Processing /isilon/hadoop/store/user/dryu/DijetSkim/v2_0_7/QCD_Pt_2017/QCD_Pt_300to470_TuneCP5_13TeV_pythia8/QCD_Pt_300to470_ext1/201215_062906/0000/nanoskim_29.root
====== Using 2017/8 HLT set =======
Processing /isilon/hadoop/store/user/dryu/DijetSkim/v2_0_7/QCD_Pt_2017/QCD_Pt_300to470_TuneCP5_13TeV_pythia8/QCD_Pt_300to470_ext1/201215_062906/0000/nanoskim_45.root
====== Using 2017/8 HLT set =======
Processing /isilon/hadoop/store/user/dryu/DijetSkim/v2_0_7/QCD_Pt_2017/QCD_Pt_300to470_TuneCP5_13TeV_pythia8/QCD_Pt_300to470_ext1/201215_062906/0000/nanoskim_21.root
====== Using 2017/8 HLT set =======
Processing /isilon/hadoop/store/user/dryu/DijetSkim/v2_0_7/QCD_Pt_2017/QCD_Pt_300to470_TuneCP5_13TeV_pythia8/QCD_Pt_300to470_ext1/201215_062906/0000/nanoskim_25.root
====== Using 2017/8 HLT set =======
Processing /isilon/hadoop/store/user/dryu/DijetSkim/v2_0_7/QCD_Pt_2017/QCD_Pt_300to470_TuneCP5_13TeV_pythia8/QCD_Pt_300to470_ext1/201215_062906/0000/nanoskim_51.root
====== Using 2017/8 HLT set =======
Processing /isilon/hadoop/store/user/dryu/DijetSkim/v2_0_7/QCD_Pt_2017/QCD_Pt_300to470_TuneCP5_13TeV_pythia8/QCD_Pt_300to470_ext1/201215_062906/0000/nanoskim_36.root
====== Using 2017/8 HLT set =======
Processing /isilon/hadoop/store/user/dryu/DijetSkim/v2_0_7/QCD_Pt_2017/QCD_Pt_300to470_TuneCP5_13TeV_pythia8/QCD_Pt_300to470_ext1/201215_062906/0000/nanoskim_41.root
====== Using 2017/8 HLT set =======
Processing /isilon/hadoop/store/user/dryu/DijetSkim/v2_0_7/QCD_Pt_2017/QCD_Pt_300to470_TuneCP5_13TeV_pythia8/QCD_Pt_300to470_ext1/201215_062906/0000/nanoskim_40.root
====== Using 2017/8 HLT set =======
Processing /isilon/hadoop/store/user/dryu/DijetSkim/v2_0_7/QCD_Pt_2017/QCD_Pt_300to470_TuneCP5_13TeV_pythia8/QCD_Pt_300to470_ext1/201215_062906/0000/nanoskim_27.root
====== Using 2017/8 HLT set =======
Processing /isilon/hadoop/store/user/dryu/DijetSkim/v2_0_7/QCD_Pt_2017/QCD_Pt_300to470_TuneCP5_13TeV_pythia8/QCD_Pt_300to470_ext1/201215_062906/0000/nanoskim_23.root
====== Using 2017/8 HLT set =======
Processing /isilon/hadoop/store/user/dryu/DijetSkim/v2_0_7/QCD_Pt_2017/QCD_Pt_300to470_TuneCP5_13TeV_pythia8/QCD_Pt_300to470_ext1/201215_062906/0000/nanoskim_14.root
====== Using 2017/8 HLT set =======
Processing /isilon/hadoop/store/user/dryu/DijetSkim/v2_0_7/QCD_Pt_2017/QCD_Pt_300to470_TuneCP5_13TeV_pythia8/QCD_Pt_300to470_ext1/201215_062906/0000/nanoskim_65.root
====== Using 2017/8 HLT set =======
Processing /isilon/hadoop/store/user/dryu/DijetSkim/v2_0_7/QCD_Pt_2017/QCD_Pt_300to470_TuneCP5_13TeV_pythia8/QCD_Pt_300to470_ext1/201215_062906/0000/nanoskim_42.root
====== Using 2017/8 HLT set =======
Processing /isilon/hadoop/store/user/dryu/DijetSkim/v2_0_7/QCD_Pt_2017/QCD_Pt_300to470_TuneCP5_13TeV_pythia8/QCD_Pt_300to470_ext1/201215_062906/0000/nanoskim_5.root
====== Using 2017/8 HLT set =======
Processing /isilon/hadoop/store/user/dryu/DijetSkim/v2_0_7/QCD_Pt_2017/QCD_Pt_300to470_TuneCP5_13TeV_pythia8/QCD_Pt_300to470_ext1/201215_062906/0000/nanoskim_9.root
====== Using 2017/8 HLT set =======
Processing /isilon/hadoop/store/user/dryu/DijetSkim/v2_0_7/QCD_Pt_2017/QCD_Pt_300to470_TuneCP5_13TeV_pythia8/QCD_Pt_300to470_ext1/201215_062906/0000/nanoskim_11.root
====== Using 2017/8 HLT set =======
Processing /isilon/hadoop/store/user/dryu/DijetSkim/v2_0_7/QCD_Pt_2017/QCD_Pt_300to470_TuneCP5_13TeV_pythia8/QCD_Pt_300to470_ext1/201215_062906/0000/nanoskim_66.root
====== Using 2017/8 HLT set =======
Processing /isilon/hadoop/store/user/dryu/DijetSkim/v2_0_7/QCD_Pt_2017/QCD_Pt_300to470_TuneCP5_13TeV_pythia8/QCD_Pt_300to470_ext1/201215_062906/0000/nanoskim_64.root
====== Using 2017/8 HLT set =======
Processing /isilon/hadoop/store/user/dryu/DijetSkim/v2_0_7/QCD_Pt_2017/QCD_Pt_300to470_TuneCP5_13TeV_pythia8/QCD_Pt_300to470_ext1/201215_062906/0000/nanoskim_62.root
====== Using 2017/8 HLT set =======
Processing /isilon/hadoop/store/user/dryu/DijetSkim/v2_0_7/QCD_Pt_2017/QCD_Pt_300to470_TuneCP5_13TeV_pythia8/QCD_Pt_300to470_ext1/201215_062906/0000/nanoskim_6.root
====== Using 2017/8 HLT set =======
Processing /isilon/hadoop/store/user/dryu/DijetSkim/v2_0_7/QCD_Pt_2017/QCD_Pt_300to470_TuneCP5_13TeV_pythia8/QCD_Pt_300to470_ext1/201215_062906/0000/nanoskim_67.root
====== Using 2017/8 HLT set =======
Processing /isilon/hadoop/store/user/dryu/DijetSkim/v2_0_7/QCD_Pt_2017/QCD_Pt_300to470_TuneCP5_13TeV_pythia8/QCD_Pt_300to470_ext1/201215_062906/0000/nanoskim_60.root
====== Using 2017/8 HLT set =======
Processing /isilon/hadoop/store/user/dryu/DijetSkim/v2_0_7/QCD_Pt_2017/QCD_Pt_300to470_TuneCP5_13TeV_pythia8/QCD_Pt_300to470_ext1/201215_062906/0000/nanoskim_16.root
====== Using 2017/8 HLT set =======
Processing /isilon/hadoop/store/user/dryu/DijetSkim/v2_0_7/QCD_Pt_2017/QCD_Pt_300to470_TuneCP5_13TeV_pythia8/QCD_Pt_300to470_ext1/201215_062906/0000/nanoskim_46.root
====== Using 2017/8 HLT set =======
Processing /isilon/hadoop/store/user/dryu/DijetSkim/v2_0_7/QCD_Pt_2017/QCD_Pt_300to470_TuneCP5_13TeV_pythia8/QCD_Pt_300to470_ext1/201215_062906/0000/nanoskim_28.root
====== Using 2017/8 HLT set =======
Processing /isilon/hadoop/store/user/dryu/DijetSkim/v2_0_7/QCD_Pt_2017/QCD_Pt_300to470_TuneCP5_13TeV_pythia8/QCD_Pt_300to470_ext1/201215_062906/0000/nanoskim_26.root
====== Using 2017/8 HLT set =======
Processing /isilon/hadoop/store/user/dryu/DijetSkim/v2_0_7/QCD_Pt_2017/QCD_Pt_300to470_TuneCP5_13TeV_pythia8/QCD_Pt_300to470_ext1/201215_062906/0000/nanoskim_15.root
====== Using 2017/8 HLT set =======
Processing /isilon/hadoop/store/user/dryu/DijetSkim/v2_0_7/QCD_Pt_2017/QCD_Pt_300to470_TuneCP5_13TeV_pythia8/QCD_Pt_300to470_ext1/201215_062906/0000/nanoskim_59.root
====== Using 2017/8 HLT set =======
Processing /isilon/hadoop/store/user/dryu/DijetSkim/v2_0_7/QCD_Pt_2017/QCD_Pt_300to470_TuneCP5_13TeV_pythia8/QCD_Pt_300to470_ext1/201215_062906/0000/nanoskim_22.root
====== Using 2017/8 HLT set =======
Processing /isilon/hadoop/store/user/dryu/DijetSkim/v2_0_7/QCD_Pt_2017/QCD_Pt_300to470_TuneCP5_13TeV_pythia8/QCD_Pt_300to470_ext1/201215_062906/0000/nanoskim_7.root
====== Using 2017/8 HLT set =======
Processing /isilon/hadoop/store/user/dryu/DijetSkim/v2_0_7/QCD_Pt_2017/QCD_Pt_300to470_TuneCP5_13TeV_pythia8/QCD_Pt_300to470_ext1/201215_062906/0000/nanoskim_49.root
====== Using 2017/8 HLT set =======
Processing /isilon/hadoop/store/user/dryu/DijetSkim/v2_0_7/QCD_Pt_2017/QCD_Pt_300to470_TuneCP5_13TeV_pythia8/QCD_Pt_300to470_ext1/201215_062906/0000/nanoskim_56.root
====== Using 2017/8 HLT set =======
Processing /isilon/hadoop/store/user/dryu/DijetSkim/v2_0_7/QCD_Pt_2017/QCD_Pt_300to470_TuneCP5_13TeV_pythia8/QCD_Pt_300to470_ext1/201215_062906/0000/nanoskim_58.root
====== Using 2017/8 HLT set =======
Processing /isilon/hadoop/store/user/dryu/DijetSkim/v2_0_7/QCD_Pt_2017/QCD_Pt_300to470_TuneCP5_13TeV_pythia8/QCD_Pt_300to470_ext1/201215_062906/0000/nanoskim_33.root
====== Using 2017/8 HLT set =======
Processing /isilon/hadoop/store/user/dryu/DijetSkim/v2_0_7/QCD_Pt_2017/QCD_Pt_300to470_TuneCP5_13TeV_pythia8/QCD_Pt_300to470_ext1/201215_062906/0000/nanoskim_47.root
====== Using 2017/8 HLT set =======
Processing /isilon/hadoop/store/user/dryu/DijetSkim/v2_0_7/QCD_Pt_2017/QCD_Pt_300to470_TuneCP5_13TeV_pythia8/QCD_Pt_300to470_ext1/201215_062906/0000/nanoskim_52.root
====== Using 2017/8 HLT set =======
Processing /isilon/hadoop/store/user/dryu/DijetSkim/v2_0_7/QCD_Pt_2017/QCD_Pt_300to470_TuneCP5_13TeV_pythia8/QCD_Pt_300to470_ext1/201215_062906/0000/nanoskim_63.root
====== Using 2017/8 HLT set =======
Processing /isilon/hadoop/store/user/dryu/DijetSkim/v2_0_7/QCD_Pt_2017/QCD_Pt_300to470_TuneCP5_13TeV_pythia8/QCD_Pt_300to470/201215_062735/0000/nanoskim_8.root
====== Using 2017/8 HLT set =======
Processing /isilon/hadoop/store/user/dryu/DijetSkim/v2_0_7/QCD_Pt_2017/QCD_Pt_300to470_TuneCP5_13TeV_pythia8/QCD_Pt_300to470/201215_062735/0000/nanoskim_32.root
====== Using 2017/8 HLT set =======
Processing /isilon/hadoop/store/user/dryu/DijetSkim/v2_0_7/QCD_Pt_2017/QCD_Pt_300to470_TuneCP5_13TeV_pythia8/QCD_Pt_300to470/201215_062735/0000/nanoskim_19.root
====== Using 2017/8 HLT set =======
Processing /isilon/hadoop/store/user/dryu/DijetSkim/v2_0_7/QCD_Pt_2017/QCD_Pt_300to470_TuneCP5_13TeV_pythia8/QCD_Pt_300to470/201215_062735/0000/nanoskim_39.root
====== Using 2017/8 HLT set =======
Processing /isilon/hadoop/store/user/dryu/DijetSkim/v2_0_7/QCD_Pt_2017/QCD_Pt_300to470_TuneCP5_13TeV_pythia8/QCD_Pt_300to470/201215_062735/0000/nanoskim_3.root
====== Using 2017/8 HLT set =======
Processing /isilon/hadoop/store/user/dryu/DijetSkim/v2_0_7/QCD_Pt_2017/QCD_Pt_300to470_TuneCP5_13TeV_pythia8/QCD_Pt_300to470/201215_062735/0000/nanoskim_20.root
====== Using 2017/8 HLT set =======
Processing /isilon/hadoop/store/user/dryu/DijetSkim/v2_0_7/QCD_Pt_2017/QCD_Pt_300to470_TuneCP5_13TeV_pythia8/QCD_Pt_300to470/201215_062735/0000/nanoskim_18.root
====== Using 2017/8 HLT set =======
Processing /isilon/hadoop/store/user/dryu/DijetSkim/v2_0_7/QCD_Pt_2017/QCD_Pt_300to470_TuneCP5_13TeV_pythia8/QCD_Pt_300to470/201215_062735/0000/nanoskim_24.root
====== Using 2017/8 HLT set =======
Processing /isilon/hadoop/store/user/dryu/DijetSkim/v2_0_7/QCD_Pt_2017/QCD_Pt_300to470_TuneCP5_13TeV_pythia8/QCD_Pt_300to470/201215_062735/0000/nanoskim_12.root
====== Using 2017/8 HLT set =======
Processing /isilon/hadoop/store/user/dryu/DijetSkim/v2_0_7/QCD_Pt_2017/QCD_Pt_300to470_TuneCP5_13TeV_pythia8/QCD_Pt_300to470/201215_062735/0000/nanoskim_34.root
====== Using 2017/8 HLT set =======
Processing /isilon/hadoop/store/user/dryu/DijetSkim/v2_0_7/QCD_Pt_2017/QCD_Pt_300to470_TuneCP5_13TeV_pythia8/QCD_Pt_300to470/201215_062735/0000/nanoskim_37.root
====== Using 2017/8 HLT set =======
Processing /isilon/hadoop/store/user/dryu/DijetSkim/v2_0_7/QCD_Pt_2017/QCD_Pt_300to470_TuneCP5_13TeV_pythia8/QCD_Pt_300to470/201215_062735/0000/nanoskim_30.root
====== Using 2017/8 HLT set =======
Processing /isilon/hadoop/store/user/dryu/DijetSkim/v2_0_7/QCD_Pt_2017/QCD_Pt_300to470_TuneCP5_13TeV_pythia8/QCD_Pt_300to470/201215_062735/0000/nanoskim_10.root
====== Using 2017/8 HLT set =======
Processing /isilon/hadoop/store/user/dryu/DijetSkim/v2_0_7/QCD_Pt_2017/QCD_Pt_300to470_TuneCP5_13TeV_pythia8/QCD_Pt_300to470/201215_062735/0000/nanoskim_1.root
====== Using 2017/8 HLT set =======
Processing /isilon/hadoop/store/user/dryu/DijetSkim/v2_0_7/QCD_Pt_2017/QCD_Pt_300to470_TuneCP5_13TeV_pythia8/QCD_Pt_300to470/201215_062735/0000/nanoskim_35.root
====== Using 2017/8 HLT set =======
Processing /isilon/hadoop/store/user/dryu/DijetSkim/v2_0_7/QCD_Pt_2017/QCD_Pt_300to470_TuneCP5_13TeV_pythia8/QCD_Pt_300to470/201215_062735/0000/nanoskim_4.root
====== Using 2017/8 HLT set =======
Processing /isilon/hadoop/store/user/dryu/DijetSkim/v2_0_7/QCD_Pt_2017/QCD_Pt_300to470_TuneCP5_13TeV_pythia8/QCD_Pt_300to470/201215_062735/0000/nanoskim_13.root
====== Using 2017/8 HLT set =======
Processing /isilon/hadoop/store/user/dryu/DijetSkim/v2_0_7/QCD_Pt_2017/QCD_Pt_300to470_TuneCP5_13TeV_pythia8/QCD_Pt_300to470/201215_062735/0000/nanoskim_38.root
====== Using 2017/8 HLT set =======
Processing /isilon/hadoop/store/user/dryu/DijetSkim/v2_0_7/QCD_Pt_2017/QCD_Pt_300to470_TuneCP5_13TeV_pythia8/QCD_Pt_300to470/201215_062735/0000/nanoskim_31.root
====== Using 2017/8 HLT set =======
Processing /isilon/hadoop/store/user/dryu/DijetSkim/v2_0_7/QCD_Pt_2017/QCD_Pt_300to470_TuneCP5_13TeV_pythia8/QCD_Pt_300to470/201215_062735/0000/nanoskim_17.root
====== Using 2017/8 HLT set =======
Processing /isilon/hadoop/store/user/dryu/DijetSkim/v2_0_7/QCD_Pt_2017/QCD_Pt_300to470_TuneCP5_13TeV_pythia8/QCD_Pt_300to470/201215_062735/0000/nanoskim_2.root
====== Using 2017/8 HLT set =======
Processing /isilon/hadoop/store/user/dryu/DijetSkim/v2_0_7/QCD_Pt_2017/QCD_Pt_300to470_TuneCP5_13TeV_pythia8/QCD_Pt_300to470/201215_062735/0000/nanoskim_29.root
====== Using 2017/8 HLT set =======
Processing /isilon/hadoop/store/user/dryu/DijetSkim/v2_0_7/QCD_Pt_2017/QCD_Pt_300to470_TuneCP5_13TeV_pythia8/QCD_Pt_300to470/201215_062735/0000/nanoskim_21.root
====== Using 2017/8 HLT set =======
Processing /isilon/hadoop/store/user/dryu/DijetSkim/v2_0_7/QCD_Pt_2017/QCD_Pt_300to470_TuneCP5_13TeV_pythia8/QCD_Pt_300to470/201215_062735/0000/nanoskim_25.root
====== Using 2017/8 HLT set =======
Processing /isilon/hadoop/store/user/dryu/DijetSkim/v2_0_7/QCD_Pt_2017/QCD_Pt_300to470_TuneCP5_13TeV_pythia8/QCD_Pt_300to470/201215_062735/0000/nanoskim_36.root
====== Using 2017/8 HLT set =======
Processing /isilon/hadoop/store/user/dryu/DijetSkim/v2_0_7/QCD_Pt_2017/QCD_Pt_300to470_TuneCP5_13TeV_pythia8/QCD_Pt_300to470/201215_062735/0000/nanoskim_41.root
====== Using 2017/8 HLT set =======
Processing /isilon/hadoop/store/user/dryu/DijetSkim/v2_0_7/QCD_Pt_2017/QCD_Pt_300to470_TuneCP5_13TeV_pythia8/QCD_Pt_300to470/201215_062735/0000/nanoskim_40.root
====== Using 2017/8 HLT set =======
Processing /isilon/hadoop/store/user/dryu/DijetSkim/v2_0_7/QCD_Pt_2017/QCD_Pt_300to470_TuneCP5_13TeV_pythia8/QCD_Pt_300to470/201215_062735/0000/nanoskim_27.root
====== Using 2017/8 HLT set =======
Processing /isilon/hadoop/store/user/dryu/DijetSkim/v2_0_7/QCD_Pt_2017/QCD_Pt_300to470_TuneCP5_13TeV_pythia8/QCD_Pt_300to470/201215_062735/0000/nanoskim_23.root
====== Using 2017/8 HLT set =======
Processing /isilon/hadoop/store/user/dryu/DijetSkim/v2_0_7/QCD_Pt_2017/QCD_Pt_300to470_TuneCP5_13TeV_pythia8/QCD_Pt_300to470/201215_062735/0000/nanoskim_14.root
====== Using 2017/8 HLT set =======
Processing /isilon/hadoop/store/user/dryu/DijetSkim/v2_0_7/QCD_Pt_2017/QCD_Pt_300to470_TuneCP5_13TeV_pythia8/QCD_Pt_300to470/201215_062735/0000/nanoskim_42.root
====== Using 2017/8 HLT set =======
Processing /isilon/hadoop/store/user/dryu/DijetSkim/v2_0_7/QCD_Pt_2017/QCD_Pt_300to470_TuneCP5_13TeV_pythia8/QCD_Pt_300to470/201215_062735/0000/nanoskim_5.root
====== Using 2017/8 HLT set =======
Processing /isilon/hadoop/store/user/dryu/DijetSkim/v2_0_7/QCD_Pt_2017/QCD_Pt_300to470_TuneCP5_13TeV_pythia8/QCD_Pt_300to470/201215_062735/0000/nanoskim_9.root
====== Using 2017/8 HLT set =======
Processing /isilon/hadoop/store/user/dryu/DijetSkim/v2_0_7/QCD_Pt_2017/QCD_Pt_300to470_TuneCP5_13TeV_pythia8/QCD_Pt_300to470/201215_062735/0000/nanoskim_11.root
====== Using 2017/8 HLT set =======
Processing /isilon/hadoop/store/user/dryu/DijetSkim/v2_0_7/QCD_Pt_2017/QCD_Pt_300to470_TuneCP5_13TeV_pythia8/QCD_Pt_300to470/201215_062735/0000/nanoskim_6.root
====== Using 2017/8 HLT set =======
Processing /isilon/hadoop/store/user/dryu/DijetSkim/v2_0_7/QCD_Pt_2017/QCD_Pt_300to470_TuneCP5_13TeV_pythia8/QCD_Pt_300to470/201215_062735/0000/nanoskim_16.root
====== Using 2017/8 HLT set =======
Processing /isilon/hadoop/store/user/dryu/DijetSkim/v2_0_7/QCD_Pt_2017/QCD_Pt_300to470_TuneCP5_13TeV_pythia8/QCD_Pt_300to470/201215_062735/0000/nanoskim_28.root
====== Using 2017/8 HLT set =======
Processing /isilon/hadoop/store/user/dryu/DijetSkim/v2_0_7/QCD_Pt_2017/QCD_Pt_300to470_TuneCP5_13TeV_pythia8/QCD_Pt_300to470/201215_062735/0000/nanoskim_26.root
====== Using 2017/8 HLT set =======
Processing /isilon/hadoop/store/user/dryu/DijetSkim/v2_0_7/QCD_Pt_2017/QCD_Pt_300to470_TuneCP5_13TeV_pythia8/QCD_Pt_300to470/201215_062735/0000/nanoskim_15.root
====== Using 2017/8 HLT set =======
Processing /isilon/hadoop/store/user/dryu/DijetSkim/v2_0_7/QCD_Pt_2017/QCD_Pt_300to470_TuneCP5_13TeV_pythia8/QCD_Pt_300to470/201215_062735/0000/nanoskim_22.root
====== Using 2017/8 HLT set =======
Processing /isilon/hadoop/store/user/dryu/DijetSkim/v2_0_7/QCD_Pt_2017/QCD_Pt_300to470_TuneCP5_13TeV_pythia8/QCD_Pt_300to470/201215_062735/0000/nanoskim_7.root
====== Using 2017/8 HLT set =======
Processing /isilon/hadoop/store/user/dryu/DijetSkim/v2_0_7/QCD_Pt_2017/QCD_Pt_300to470_TuneCP5_13TeV_pythia8/QCD_Pt_300to470/201215_062735/0000/nanoskim_33.root
====== Using 2017/8 HLT set =======
109308273 5995449 4500951 0 0
Info in <TCanvas::Print>: png file njet.png has been created
selectTrijet: Real Time = 8163.37 seconds Cpu Time = 768.87 seconds
