
Processing selection/3_jets/select_ML_QCD.C+("QCD_Pt_470to600_TuneCP5_13TeV_pythia8","outputs_temp",-1,2017)...
begin loop over files
Processing /isilon/hadoop/store/user/dryu/DijetSkim/v2_0_7/QCD_Pt_2017/QCD_Pt_470to600_TuneCP5_13TeV_pythia8/QCD_Pt_470to600/201215_063220/0000/nanoskim_8.root
Warning in <TClass::Init>: no dictionary for class edm::Hash<1> is available
Warning in <TClass::Init>: no dictionary for class edm::ProcessHistory is available
Warning in <TClass::Init>: no dictionary for class edm::ProcessConfiguration is available
Warning in <TClass::Init>: no dictionary for class edm::ParameterSetBlob is available
Warning in <TClass::Init>: no dictionary for class pair<edm::Hash<1>,edm::ParameterSetBlob> is available
====== Using 2017/8 HLT set =======
Processing /isilon/hadoop/store/user/dryu/DijetSkim/v2_0_7/QCD_Pt_2017/QCD_Pt_470to600_TuneCP5_13TeV_pythia8/QCD_Pt_470to600/201215_063220/0000/nanoskim_32.root
====== Using 2017/8 HLT set =======
Processing /isilon/hadoop/store/user/dryu/DijetSkim/v2_0_7/QCD_Pt_2017/QCD_Pt_470to600_TuneCP5_13TeV_pythia8/QCD_Pt_470to600/201215_063220/0000/nanoskim_19.root
====== Using 2017/8 HLT set =======
Processing /isilon/hadoop/store/user/dryu/DijetSkim/v2_0_7/QCD_Pt_2017/QCD_Pt_470to600_TuneCP5_13TeV_pythia8/QCD_Pt_470to600/201215_063220/0000/nanoskim_3.root
====== Using 2017/8 HLT set =======
Processing /isilon/hadoop/store/user/dryu/DijetSkim/v2_0_7/QCD_Pt_2017/QCD_Pt_470to600_TuneCP5_13TeV_pythia8/QCD_Pt_470to600/201215_063220/0000/nanoskim_20.root
====== Using 2017/8 HLT set =======
Processing /isilon/hadoop/store/user/dryu/DijetSkim/v2_0_7/QCD_Pt_2017/QCD_Pt_470to600_TuneCP5_13TeV_pythia8/QCD_Pt_470to600/201215_063220/0000/nanoskim_18.root
====== Using 2017/8 HLT set =======
Processing /isilon/hadoop/store/user/dryu/DijetSkim/v2_0_7/QCD_Pt_2017/QCD_Pt_470to600_TuneCP5_13TeV_pythia8/QCD_Pt_470to600/201215_063220/0000/nanoskim_24.root
====== Using 2017/8 HLT set =======
Processing /isilon/hadoop/store/user/dryu/DijetSkim/v2_0_7/QCD_Pt_2017/QCD_Pt_470to600_TuneCP5_13TeV_pythia8/QCD_Pt_470to600/201215_063220/0000/nanoskim_12.root
====== Using 2017/8 HLT set =======
Processing /isilon/hadoop/store/user/dryu/DijetSkim/v2_0_7/QCD_Pt_2017/QCD_Pt_470to600_TuneCP5_13TeV_pythia8/QCD_Pt_470to600/201215_063220/0000/nanoskim_34.root
====== Using 2017/8 HLT set =======
Processing /isilon/hadoop/store/user/dryu/DijetSkim/v2_0_7/QCD_Pt_2017/QCD_Pt_470to600_TuneCP5_13TeV_pythia8/QCD_Pt_470to600/201215_063220/0000/nanoskim_30.root
====== Using 2017/8 HLT set =======
Processing /isilon/hadoop/store/user/dryu/DijetSkim/v2_0_7/QCD_Pt_2017/QCD_Pt_470to600_TuneCP5_13TeV_pythia8/QCD_Pt_470to600/201215_063220/0000/nanoskim_10.root
====== Using 2017/8 HLT set =======
Processing /isilon/hadoop/store/user/dryu/DijetSkim/v2_0_7/QCD_Pt_2017/QCD_Pt_470to600_TuneCP5_13TeV_pythia8/QCD_Pt_470to600/201215_063220/0000/nanoskim_1.root
====== Using 2017/8 HLT set =======
Processing /isilon/hadoop/store/user/dryu/DijetSkim/v2_0_7/QCD_Pt_2017/QCD_Pt_470to600_TuneCP5_13TeV_pythia8/QCD_Pt_470to600/201215_063220/0000/nanoskim_4.root
====== Using 2017/8 HLT set =======
Processing /isilon/hadoop/store/user/dryu/DijetSkim/v2_0_7/QCD_Pt_2017/QCD_Pt_470to600_TuneCP5_13TeV_pythia8/QCD_Pt_470to600/201215_063220/0000/nanoskim_13.root
====== Using 2017/8 HLT set =======
Processing /isilon/hadoop/store/user/dryu/DijetSkim/v2_0_7/QCD_Pt_2017/QCD_Pt_470to600_TuneCP5_13TeV_pythia8/QCD_Pt_470to600/201215_063220/0000/nanoskim_31.root
====== Using 2017/8 HLT set =======
Processing /isilon/hadoop/store/user/dryu/DijetSkim/v2_0_7/QCD_Pt_2017/QCD_Pt_470to600_TuneCP5_13TeV_pythia8/QCD_Pt_470to600/201215_063220/0000/nanoskim_17.root
====== Using 2017/8 HLT set =======
Processing /isilon/hadoop/store/user/dryu/DijetSkim/v2_0_7/QCD_Pt_2017/QCD_Pt_470to600_TuneCP5_13TeV_pythia8/QCD_Pt_470to600/201215_063220/0000/nanoskim_2.root
====== Using 2017/8 HLT set =======
Processing /isilon/hadoop/store/user/dryu/DijetSkim/v2_0_7/QCD_Pt_2017/QCD_Pt_470to600_TuneCP5_13TeV_pythia8/QCD_Pt_470to600/201215_063220/0000/nanoskim_29.root
====== Using 2017/8 HLT set =======
Processing /isilon/hadoop/store/user/dryu/DijetSkim/v2_0_7/QCD_Pt_2017/QCD_Pt_470to600_TuneCP5_13TeV_pythia8/QCD_Pt_470to600/201215_063220/0000/nanoskim_21.root
====== Using 2017/8 HLT set =======
Processing /isilon/hadoop/store/user/dryu/DijetSkim/v2_0_7/QCD_Pt_2017/QCD_Pt_470to600_TuneCP5_13TeV_pythia8/QCD_Pt_470to600/201215_063220/0000/nanoskim_25.root
====== Using 2017/8 HLT set =======
Processing /isilon/hadoop/store/user/dryu/DijetSkim/v2_0_7/QCD_Pt_2017/QCD_Pt_470to600_TuneCP5_13TeV_pythia8/QCD_Pt_470to600/201215_063220/0000/nanoskim_27.root
====== Using 2017/8 HLT set =======
Processing /isilon/hadoop/store/user/dryu/DijetSkim/v2_0_7/QCD_Pt_2017/QCD_Pt_470to600_TuneCP5_13TeV_pythia8/QCD_Pt_470to600/201215_063220/0000/nanoskim_23.root
====== Using 2017/8 HLT set =======
Processing /isilon/hadoop/store/user/dryu/DijetSkim/v2_0_7/QCD_Pt_2017/QCD_Pt_470to600_TuneCP5_13TeV_pythia8/QCD_Pt_470to600/201215_063220/0000/nanoskim_14.root
====== Using 2017/8 HLT set =======
Processing /isilon/hadoop/store/user/dryu/DijetSkim/v2_0_7/QCD_Pt_2017/QCD_Pt_470to600_TuneCP5_13TeV_pythia8/QCD_Pt_470to600/201215_063220/0000/nanoskim_5.root
====== Using 2017/8 HLT set =======
Processing /isilon/hadoop/store/user/dryu/DijetSkim/v2_0_7/QCD_Pt_2017/QCD_Pt_470to600_TuneCP5_13TeV_pythia8/QCD_Pt_470to600/201215_063220/0000/nanoskim_9.root
====== Using 2017/8 HLT set =======
Processing /isilon/hadoop/store/user/dryu/DijetSkim/v2_0_7/QCD_Pt_2017/QCD_Pt_470to600_TuneCP5_13TeV_pythia8/QCD_Pt_470to600/201215_063220/0000/nanoskim_11.root
====== Using 2017/8 HLT set =======
Processing /isilon/hadoop/store/user/dryu/DijetSkim/v2_0_7/QCD_Pt_2017/QCD_Pt_470to600_TuneCP5_13TeV_pythia8/QCD_Pt_470to600/201215_063220/0000/nanoskim_6.root
====== Using 2017/8 HLT set =======
Processing /isilon/hadoop/store/user/dryu/DijetSkim/v2_0_7/QCD_Pt_2017/QCD_Pt_470to600_TuneCP5_13TeV_pythia8/QCD_Pt_470to600/201215_063220/0000/nanoskim_16.root
====== Using 2017/8 HLT set =======
Processing /isilon/hadoop/store/user/dryu/DijetSkim/v2_0_7/QCD_Pt_2017/QCD_Pt_470to600_TuneCP5_13TeV_pythia8/QCD_Pt_470to600/201215_063220/0000/nanoskim_28.root
====== Using 2017/8 HLT set =======
Processing /isilon/hadoop/store/user/dryu/DijetSkim/v2_0_7/QCD_Pt_2017/QCD_Pt_470to600_TuneCP5_13TeV_pythia8/QCD_Pt_470to600/201215_063220/0000/nanoskim_26.root
====== Using 2017/8 HLT set =======
Processing /isilon/hadoop/store/user/dryu/DijetSkim/v2_0_7/QCD_Pt_2017/QCD_Pt_470to600_TuneCP5_13TeV_pythia8/QCD_Pt_470to600/201215_063220/0000/nanoskim_15.root
====== Using 2017/8 HLT set =======
Processing /isilon/hadoop/store/user/dryu/DijetSkim/v2_0_7/QCD_Pt_2017/QCD_Pt_470to600_TuneCP5_13TeV_pythia8/QCD_Pt_470to600/201215_063220/0000/nanoskim_22.root
====== Using 2017/8 HLT set =======
Processing /isilon/hadoop/store/user/dryu/DijetSkim/v2_0_7/QCD_Pt_2017/QCD_Pt_470to600_TuneCP5_13TeV_pythia8/QCD_Pt_470to600/201215_063220/0000/nanoskim_7.root
====== Using 2017/8 HLT set =======
Processing /isilon/hadoop/store/user/dryu/DijetSkim/v2_0_7/QCD_Pt_2017/QCD_Pt_470to600_TuneCP5_13TeV_pythia8/QCD_Pt_470to600/201215_063220/0000/nanoskim_33.root
====== Using 2017/8 HLT set =======
27791204 21221896 9201414 0 0
Info in <TCanvas::Print>: png file njet.png has been created
selectTrijet: Real Time = 2560.12 seconds Cpu Time = 362.15 seconds
