
Processing selection/3_jets/select_ML_QCD.C+("QCD_Pt_600to800_TuneCP5_13TeV_pythia8","outputs_temp",-1,2017)...
Info in <TUnixSystem::ACLiC>: creating shared library /home/xyan13/Trijet/TrijetAna/TrijetAna/./selection/3_jets/select_ML_QCD_C.so
begin loop over files
Processing /isilon/hadoop/store/user/dryu/DijetSkim/v2_0_7/QCD_Pt_2017/QCD_Pt_600to800_TuneCP5_13TeV_pythia8/QCD_Pt_600to800/201215_151606/0000/nanoskim_8.root
Warning in <TClass::Init>: no dictionary for class edm::Hash<1> is available
Warning in <TClass::Init>: no dictionary for class edm::ProcessHistory is available
Warning in <TClass::Init>: no dictionary for class edm::ProcessConfiguration is available
Warning in <TClass::Init>: no dictionary for class edm::ParameterSetBlob is available
Warning in <TClass::Init>: no dictionary for class pair<edm::Hash<1>,edm::ParameterSetBlob> is available
====== Using 2017/8 HLT set =======
Processing: 0
Processing: 0.0419441
Processing: 0.0838883
Processing: 0.125832
Processing: 0.167777
Processing: 0.209721
Processing: 0.251665
Processing: 0.293609
Processing: 0.335553
Processing: 0.377497
Processing: 0.419441
Processing: 0.461385
Processing: 0.50333
Processing: 0.545274
Processing: 0.587218
Processing: 0.629162
Processing: 0.671106
Processing: 0.71305
Processing: 0.754994
Processing: 0.796938
Processing: 0.838883
Processing: 0.880827
Processing: 0.922771
Processing: 0.964715
Processing /isilon/hadoop/store/user/dryu/DijetSkim/v2_0_7/QCD_Pt_2017/QCD_Pt_600to800_TuneCP5_13TeV_pythia8/QCD_Pt_600to800/201215_151606/0000/nanoskim_32.root
====== Using 2017/8 HLT set =======
Processing: 0
Processing: 0.0439214
Processing: 0.0878429
Processing: 0.131764
Processing: 0.175686
Processing: 0.219607
Processing: 0.263529
Processing: 0.30745
Processing: 0.351372
Processing: 0.395293
Processing: 0.439214
Processing: 0.483136
Processing: 0.527057
Processing: 0.570979
Processing: 0.6149
Processing: 0.658822
Processing: 0.702743
Processing: 0.746665
Processing: 0.790586
Processing: 0.834508
Processing: 0.878429
Processing: 0.92235
Processing: 0.966272
Processing /isilon/hadoop/store/user/dryu/DijetSkim/v2_0_7/QCD_Pt_2017/QCD_Pt_600to800_TuneCP5_13TeV_pythia8/QCD_Pt_600to800/201215_151606/0000/nanoskim_19.root
====== Using 2017/8 HLT set =======
Processing: 0
Processing: 0.148452
Processing: 0.296903
Processing: 0.445355
Processing: 0.593807
Processing: 0.742258
Processing: 0.89071
Processing /isilon/hadoop/store/user/dryu/DijetSkim/v2_0_7/QCD_Pt_2017/QCD_Pt_600to800_TuneCP5_13TeV_pythia8/QCD_Pt_600to800/201215_151606/0000/nanoskim_39.root
====== Using 2017/8 HLT set =======
Processing: 0
Processing: 0.0436656
Processing: 0.0873311
Processing: 0.130997
Processing: 0.174662
Processing: 0.218328
Processing: 0.261993
Processing: 0.305659
Processing: 0.349325
Processing: 0.39299
Processing: 0.436656
Processing: 0.480321
Processing: 0.523987
Processing: 0.567652
Processing: 0.611318
Processing: 0.654984
Processing: 0.698649
Processing: 0.742315
Processing: 0.78598
Processing: 0.829646
Processing: 0.873311
Processing: 0.916977
Processing: 0.960642
Processing /isilon/hadoop/store/user/dryu/DijetSkim/v2_0_7/QCD_Pt_2017/QCD_Pt_600to800_TuneCP5_13TeV_pythia8/QCD_Pt_600to800/201215_151606/0000/nanoskim_3.root
====== Using 2017/8 HLT set =======
Processing: 0
Processing: 0.0401594
Processing: 0.0803189
Processing: 0.120478
Processing: 0.160638
Processing: 0.200797
Processing: 0.240957
Processing: 0.281116
Processing: 0.321276
Processing: 0.361435
Processing: 0.401594
Processing: 0.441754
Processing: 0.481913
Processing: 0.522073
Processing: 0.562232
Processing: 0.602392
Processing: 0.642551
Processing: 0.682711
Processing: 0.72287
Processing: 0.76303
Processing: 0.803189
Processing: 0.843348
Processing: 0.883508
Processing: 0.923667
Processing: 0.963827
Processing /isilon/hadoop/store/user/dryu/DijetSkim/v2_0_7/QCD_Pt_2017/QCD_Pt_600to800_TuneCP5_13TeV_pythia8/QCD_Pt_600to800/201215_151606/0000/nanoskim_20.root
====== Using 2017/8 HLT set =======
Processing: 0
Processing: 0.051468
Processing: 0.102936
Processing: 0.154404
Processing: 0.205872
Processing: 0.25734
Processing: 0.308808
Processing: 0.360276
Processing: 0.411744
Processing: 0.463212
Processing: 0.51468
Processing: 0.566148
Processing: 0.617616
Processing: 0.669084
Processing: 0.720552
Processing: 0.77202
Processing: 0.823488
Processing: 0.874955
Processing: 0.926423
Processing: 0.977891
Processing /isilon/hadoop/store/user/dryu/DijetSkim/v2_0_7/QCD_Pt_2017/QCD_Pt_600to800_TuneCP5_13TeV_pythia8/QCD_Pt_600to800/201215_151606/0000/nanoskim_18.root
====== Using 2017/8 HLT set =======
Processing: 0
Processing: 0.0548299
Processing: 0.10966
Processing: 0.16449
Processing: 0.219319
Processing: 0.274149
Processing: 0.328979
Processing: 0.383809
Processing: 0.438639
Processing: 0.493469
Processing: 0.548299
Processing: 0.603128
Processing: 0.657958
Processing: 0.712788
Processing: 0.767618
Processing: 0.822448
Processing: 0.877278
Processing: 0.932108
Processing: 0.986937
Processing /isilon/hadoop/store/user/dryu/DijetSkim/v2_0_7/QCD_Pt_2017/QCD_Pt_600to800_TuneCP5_13TeV_pythia8/QCD_Pt_600to800/201215_151606/0000/nanoskim_24.root
====== Using 2017/8 HLT set =======
Processing: 0
Processing: 0.047184
Processing: 0.0943679
Processing: 0.141552
Processing: 0.188736
Processing: 0.23592
Processing: 0.283104
Processing: 0.330288
Processing: 0.377472
Processing: 0.424656
Processing: 0.47184
Processing: 0.519024
Processing: 0.566208
Processing: 0.613392
Processing: 0.660576
Processing: 0.707759
Processing: 0.754943
Processing: 0.802127
Processing: 0.849311
Processing: 0.896495
Processing: 0.943679
Processing: 0.990863
Processing /isilon/hadoop/store/user/dryu/DijetSkim/v2_0_7/QCD_Pt_2017/QCD_Pt_600to800_TuneCP5_13TeV_pythia8/QCD_Pt_600to800/201215_151606/0000/nanoskim_12.root
====== Using 2017/8 HLT set =======
Processing: 0
Processing: 0.0623884
Processing: 0.124777
Processing: 0.187165
Processing: 0.249554
Processing: 0.311942
Processing: 0.37433
Processing: 0.436719
Processing: 0.499107
Processing: 0.561496
Processing: 0.623884
Processing: 0.686272
Processing: 0.748661
Processing: 0.811049
Processing: 0.873438
Processing: 0.935826
Processing: 0.998214
Processing /isilon/hadoop/store/user/dryu/DijetSkim/v2_0_7/QCD_Pt_2017/QCD_Pt_600to800_TuneCP5_13TeV_pythia8/QCD_Pt_600to800/201215_151606/0000/nanoskim_54.root
====== Using 2017/8 HLT set =======
Processing: 0
Processing: 0.0486866
Processing: 0.0973732
Processing: 0.14606
Processing: 0.194746
Processing: 0.243433
Processing: 0.29212
Processing: 0.340806
Processing: 0.389493
Processing: 0.438179
Processing: 0.486866
Processing: 0.535552
Processing: 0.584239
Processing: 0.632926
Processing: 0.681612
Processing: 0.730299
Processing: 0.778985
Processing: 0.827672
Processing: 0.876358
Processing: 0.925045
Processing: 0.973732
Processing /isilon/hadoop/store/user/dryu/DijetSkim/v2_0_7/QCD_Pt_2017/QCD_Pt_600to800_TuneCP5_13TeV_pythia8/QCD_Pt_600to800/201215_151606/0000/nanoskim_34.root
====== Using 2017/8 HLT set =======
Processing: 0
Processing: 0.0517922
Processing: 0.103584
Processing: 0.155377
Processing: 0.207169
Processing: 0.258961
Processing: 0.310753
Processing: 0.362546
Processing: 0.414338
Processing: 0.46613
Processing: 0.517922
Processing: 0.569714
Processing: 0.621507
Processing: 0.673299
Processing: 0.725091
Processing: 0.776883
Processing: 0.828676
Processing: 0.880468
Processing: 0.93226
Processing: 0.984052
Processing /isilon/hadoop/store/user/dryu/DijetSkim/v2_0_7/QCD_Pt_2017/QCD_Pt_600to800_TuneCP5_13TeV_pythia8/QCD_Pt_600to800/201215_151606/0000/nanoskim_37.root
====== Using 2017/8 HLT set =======
Processing: 0
Processing: 0.0579932
Processing: 0.115986
Processing: 0.17398
Processing: 0.231973
Processing: 0.289966
Processing: 0.347959
Processing: 0.405952
Processing: 0.463946
Processing: 0.521939
Processing: 0.579932
Processing: 0.637925
Processing: 0.695918
Processing: 0.753912
Processing: 0.811905
Processing: 0.869898
Processing: 0.927891
Processing: 0.985884
Processing /isilon/hadoop/store/user/dryu/DijetSkim/v2_0_7/QCD_Pt_2017/QCD_Pt_600to800_TuneCP5_13TeV_pythia8/QCD_Pt_600to800/201215_151606/0000/nanoskim_30.root
====== Using 2017/8 HLT set =======
Processing: 0
Processing: 0.0437486
Processing: 0.0874973
Processing: 0.131246
Processing: 0.174995
Processing: 0.218743
Processing: 0.262492
Processing: 0.30624
Processing: 0.349989
Processing: 0.393738
Processing: 0.437486
Processing: 0.481235
Processing: 0.524984
Processing: 0.568732
Processing: 0.612481
Processing: 0.656229
Processing: 0.699978
Processing: 0.743727
Processing: 0.787475
Processing: 0.831224
Processing: 0.874973
Processing: 0.918721
Processing: 0.96247
12799311 12733899 5895760 0 0
Info in <TCanvas::Print>: png file njet.png has been created
selectTrijet: Real Time = 1524.83 seconds Cpu Time = 195.62 seconds
