
Processing selection/3_jets/select_ML_QCD.C+("QCD_Pt_1000to1400_TuneCP5_13TeV_pythia8","outputs_temp",-1,2017)...
begin loop over files
Processing /isilon/hadoop/store/user/dryu/DijetSkim/v2_0_7/QCD_Pt_2017/QCD_Pt_1000to1400_TuneCP5_13TeV_pythia8/QCD_Pt_1000to1400/201215_061743/0000/nanoskim_8.root
Warning in <TClass::Init>: no dictionary for class edm::Hash<1> is available
Warning in <TClass::Init>: no dictionary for class edm::ProcessHistory is available
Warning in <TClass::Init>: no dictionary for class edm::ProcessConfiguration is available
Warning in <TClass::Init>: no dictionary for class edm::ParameterSetBlob is available
Warning in <TClass::Init>: no dictionary for class pair<edm::Hash<1>,edm::ParameterSetBlob> is available
====== Using 2017/8 HLT set =======
Processing: 0
Processing: 0.0329531
Processing: 0.0659062
Processing: 0.0988594
Processing: 0.131812
Processing: 0.164766
Processing: 0.197719
Processing: 0.230672
Processing: 0.263625
Processing: 0.296578
Processing: 0.329531
Processing: 0.362484
Processing: 0.395437
Processing: 0.428391
Processing: 0.461344
Processing: 0.494297
Processing: 0.52725
Processing: 0.560203
Processing: 0.593156
Processing: 0.626109
Processing: 0.659062
Processing: 0.692016
Processing: 0.724969
Processing: 0.757922
Processing: 0.790875
Processing: 0.823828
Processing: 0.856781
Processing: 0.889734
Processing: 0.922687
Processing: 0.95564
Processing: 0.988594
Processing /isilon/hadoop/store/user/dryu/DijetSkim/v2_0_7/QCD_Pt_2017/QCD_Pt_1000to1400_TuneCP5_13TeV_pythia8/QCD_Pt_1000to1400/201215_061743/0000/nanoskim_3.root
====== Using 2017/8 HLT set =======
Processing: 0
Processing: 0.0462296
Processing: 0.0924592
Processing: 0.138689
Processing: 0.184918
Processing: 0.231148
Processing: 0.277378
Processing: 0.323607
Processing: 0.369837
Processing: 0.416066
Processing: 0.462296
Processing: 0.508526
Processing: 0.554755
Processing: 0.600985
Processing: 0.647214
Processing: 0.693444
Processing: 0.739674
Processing: 0.785903
Processing: 0.832133
Processing: 0.878363
Processing: 0.924592
Processing: 0.970822
Processing /isilon/hadoop/store/user/dryu/DijetSkim/v2_0_7/QCD_Pt_2017/QCD_Pt_1000to1400_TuneCP5_13TeV_pythia8/QCD_Pt_1000to1400/201215_061743/0000/nanoskim_18.root
====== Using 2017/8 HLT set =======
Processing: 0
Processing: 0.0336384
Processing: 0.0672769
Processing: 0.100915
Processing: 0.134554
Processing: 0.168192
Processing: 0.201831
Processing: 0.235469
Processing: 0.269107
Processing: 0.302746
Processing: 0.336384
Processing: 0.370023
Processing: 0.403661
Processing: 0.4373
Processing: 0.470938
Processing: 0.504577
Processing: 0.538215
Processing: 0.571853
Processing: 0.605492
Processing: 0.63913
Processing: 0.672769
Processing: 0.706407
Processing: 0.740046
Processing: 0.773684
Processing: 0.807322
Processing: 0.840961
Processing: 0.874599
Processing: 0.908238
Processing: 0.941876
Processing: 0.975515
Processing /isilon/hadoop/store/user/dryu/DijetSkim/v2_0_7/QCD_Pt_2017/QCD_Pt_1000to1400_TuneCP5_13TeV_pythia8/QCD_Pt_1000to1400/201215_061743/0000/nanoskim_12.root
====== Using 2017/8 HLT set =======
Processing: 0
Processing: 0.0365972
Processing: 0.0731945
Processing: 0.109792
Processing: 0.146389
Processing: 0.182986
Processing: 0.219583
Processing: 0.256181
Processing: 0.292778
Processing: 0.329375
Processing: 0.365972
Processing: 0.40257
Processing: 0.439167
Processing: 0.475764
Processing: 0.512361
Processing: 0.548959
Processing: 0.585556
Processing: 0.622153
Processing: 0.65875
Processing: 0.695348
Processing: 0.731945
Processing: 0.768542
Processing: 0.805139
Processing: 0.841737
Processing: 0.878334
Processing: 0.914931
Processing: 0.951528
Processing: 0.988126
Processing /isilon/hadoop/store/user/dryu/DijetSkim/v2_0_7/QCD_Pt_2017/QCD_Pt_1000to1400_TuneCP5_13TeV_pythia8/QCD_Pt_1000to1400/201215_061743/0000/nanoskim_10.root
====== Using 2017/8 HLT set =======
Processing: 0
Processing: 0.0544637
Processing: 0.108927
Processing: 0.163391
Processing: 0.217855
Processing: 0.272319
Processing: 0.326782
Processing: 0.381246
Processing: 0.43571
Processing: 0.490174
Processing: 0.544637
Processing: 0.599101
Processing: 0.653565
Processing: 0.708029
Processing: 0.762492
Processing: 0.816956
Processing: 0.87142
Processing: 0.925884
Processing: 0.980347
Processing /isilon/hadoop/store/user/dryu/DijetSkim/v2_0_7/QCD_Pt_2017/QCD_Pt_1000to1400_TuneCP5_13TeV_pythia8/QCD_Pt_1000to1400/201215_061743/0000/nanoskim_1.root
====== Using 2017/8 HLT set =======
Processing: 0
Processing: 0.0620431
Processing: 0.124086
Processing: 0.186129
Processing: 0.248173
Processing: 0.310216
Processing: 0.372259
Processing: 0.434302
Processing: 0.496345
Processing: 0.558388
Processing: 0.620431
Processing: 0.682474
Processing: 0.744518
Processing: 0.806561
Processing: 0.868604
Processing: 0.930647
Processing: 0.99269
Processing /isilon/hadoop/store/user/dryu/DijetSkim/v2_0_7/QCD_Pt_2017/QCD_Pt_1000to1400_TuneCP5_13TeV_pythia8/QCD_Pt_1000to1400/201215_061743/0000/nanoskim_4.root
====== Using 2017/8 HLT set =======
Processing: 0
Processing: 0.0416429
Processing: 0.0832859
Processing: 0.124929
Processing: 0.166572
Processing: 0.208215
Processing: 0.249858
Processing: 0.291501
Processing: 0.333143
Processing: 0.374786
Processing: 0.416429
Processing: 0.458072
Processing: 0.499715
Processing: 0.541358
Processing: 0.583001
Processing: 0.624644
Processing: 0.666287
Processing: 0.70793
Processing: 0.749573
Processing: 0.791216
Processing: 0.832859
Processing: 0.874502
Processing: 0.916144
Processing: 0.957787
Processing: 0.99943
Processing /isilon/hadoop/store/user/dryu/DijetSkim/v2_0_7/QCD_Pt_2017/QCD_Pt_1000to1400_TuneCP5_13TeV_pythia8/QCD_Pt_1000to1400/201215_061743/0000/nanoskim_13.root
====== Using 2017/8 HLT set =======
Processing: 0
Processing: 0.0348536
Processing: 0.0697072
Processing: 0.104561
Processing: 0.139414
Processing: 0.174268
Processing: 0.209122
Processing: 0.243975
Processing: 0.278829
Processing: 0.313682
Processing: 0.348536
Processing: 0.38339
Processing: 0.418243
Processing: 0.453097
Processing: 0.48795
Processing: 0.522804
Processing: 0.557658
Processing: 0.592511
Processing: 0.627365
Processing: 0.662218
Processing: 0.697072
Processing: 0.731926
Processing: 0.766779
Processing: 0.801633
Processing: 0.836486
Processing: 0.87134
Processing: 0.906194
Processing: 0.941047
Processing: 0.975901
Processing /isilon/hadoop/store/user/dryu/DijetSkim/v2_0_7/QCD_Pt_2017/QCD_Pt_1000to1400_TuneCP5_13TeV_pythia8/QCD_Pt_1000to1400/201215_061743/0000/nanoskim_17.root
====== Using 2017/8 HLT set =======
Processing: 0
Processing: 0.0973695
Processing: 0.194739
Processing: 0.292108
Processing: 0.389478
Processing: 0.486847
Processing: 0.584217
Processing: 0.681586
Processing: 0.778956
Processing: 0.876325
Processing: 0.973695
Processing /isilon/hadoop/store/user/dryu/DijetSkim/v2_0_7/QCD_Pt_2017/QCD_Pt_1000to1400_TuneCP5_13TeV_pythia8/QCD_Pt_1000to1400/201215_061743/0000/nanoskim_2.root
====== Using 2017/8 HLT set =======
Processing: 0
Processing: 0.062427
Processing: 0.124854
Processing: 0.187281
Processing: 0.249708
Processing: 0.312135
Processing: 0.374562
Processing: 0.436989
Processing: 0.499416
Processing: 0.561843
Processing: 0.62427
Processing: 0.686697
Processing: 0.749124
Processing: 0.811552
Processing: 0.873979
Processing: 0.936406
Processing: 0.998833
Processing /isilon/hadoop/store/user/dryu/DijetSkim/v2_0_7/QCD_Pt_2017/QCD_Pt_1000to1400_TuneCP5_13TeV_pythia8/QCD_Pt_1000to1400/201215_061743/0000/nanoskim_14.root
====== Using 2017/8 HLT set =======
Processing: 0
Processing: 0.0586525
Processing: 0.117305
Processing: 0.175958
Processing: 0.23461
Processing: 0.293263
Processing: 0.351915
Processing: 0.410568
Processing: 0.46922
Processing: 0.527873
Processing: 0.586525
Processing: 0.645178
Processing: 0.70383
Processing: 0.762483
Processing: 0.821136
Processing: 0.879788
Processing: 0.938441
Processing: 0.997093
Processing /isilon/hadoop/store/user/dryu/DijetSkim/v2_0_7/QCD_Pt_2017/QCD_Pt_1000to1400_TuneCP5_13TeV_pythia8/QCD_Pt_1000to1400/201215_061743/0000/nanoskim_5.root
====== Using 2017/8 HLT set =======
Processing: 0
Processing: 0.0544611
Processing: 0.108922
Processing: 0.163383
Processing: 0.217845
Processing: 0.272306
Processing: 0.326767
Processing: 0.381228
Processing: 0.435689
Processing: 0.49015
Processing: 0.544611
Processing: 0.599072
Processing: 0.653534
Processing: 0.707995
Processing: 0.762456
Processing: 0.816917
Processing: 0.871378
Processing: 0.925839
Processing: 0.9803
Processing /isilon/hadoop/store/user/dryu/DijetSkim/v2_0_7/QCD_Pt_2017/QCD_Pt_1000to1400_TuneCP5_13TeV_pythia8/QCD_Pt_1000to1400/201215_061743/0000/nanoskim_9.root
====== Using 2017/8 HLT set =======
Processing: 0
Processing: 0.0625867
Processing: 0.125173
Processing: 0.18776
Processing: 0.250347
Processing: 0.312933
Processing: 0.37552
Processing: 0.438107
Processing: 0.500693
Processing: 0.56328
Processing: 0.625867
Processing: 0.688453
Processing: 0.75104
Processing: 0.813627
Processing: 0.876214
Processing: 0.9388
Processing /isilon/hadoop/store/user/dryu/DijetSkim/v2_0_7/QCD_Pt_2017/QCD_Pt_1000to1400_TuneCP5_13TeV_pythia8/QCD_Pt_1000to1400/201215_061743/0000/nanoskim_11.root
====== Using 2017/8 HLT set =======
Processing: 0
Processing: 0.0438165
Processing: 0.0876331
Processing: 0.13145
Processing: 0.175266
Processing: 0.219083
Processing: 0.262899
Processing: 0.306716
Processing: 0.350532
Processing: 0.394349
Processing: 0.438165
Processing: 0.481982
Processing: 0.525798
Processing: 0.569615
Processing: 0.613431
Processing: 0.657248
Processing: 0.701064
Processing: 0.744881
Processing: 0.788697
Processing: 0.832514
Processing: 0.87633
Processing: 0.920147
Processing: 0.963964
Processing /isilon/hadoop/store/user/dryu/DijetSkim/v2_0_7/QCD_Pt_2017/QCD_Pt_1000to1400_TuneCP5_13TeV_pythia8/QCD_Pt_1000to1400/201215_061743/0000/nanoskim_6.root
====== Using 2017/8 HLT set =======
Processing: 0
Processing: 0.0335095
Processing: 0.0670191
Processing: 0.100529
Processing: 0.134038
Processing: 0.167548
Processing: 0.201057
Processing: 0.234567
Processing: 0.268076
Processing: 0.301586
Processing: 0.335095
Processing: 0.368605
Processing: 0.402114
Processing: 0.435624
Processing: 0.469133
Processing: 0.502643
Processing: 0.536152
Processing: 0.569662
Processing: 0.603171
Processing: 0.636681
Processing: 0.670191
Processing: 0.7037
Processing: 0.73721
Processing: 0.770719
Processing: 0.804229
Processing: 0.837738
Processing: 0.871248
Processing: 0.904757
Processing: 0.938267
Processing: 0.971776
Processing /isilon/hadoop/store/user/dryu/DijetSkim/v2_0_7/QCD_Pt_2017/QCD_Pt_1000to1400_TuneCP5_13TeV_pythia8/QCD_Pt_1000to1400/201215_061743/0000/nanoskim_16.root
====== Using 2017/8 HLT set =======
Processing: 0
Processing: 0.0629533
Processing: 0.125907
Processing: 0.18886
Processing: 0.251813
Processing: 0.314766
Processing: 0.37772
Processing: 0.440673
Processing: 0.503626
Processing: 0.566579
Processing: 0.629533
Processing: 0.692486
Processing: 0.755439
Processing: 0.818392
Processing: 0.881346
Processing: 0.944299
Processing /isilon/hadoop/store/user/dryu/DijetSkim/v2_0_7/QCD_Pt_2017/QCD_Pt_1000to1400_TuneCP5_13TeV_pythia8/QCD_Pt_1000to1400/201215_061743/0000/nanoskim_15.root
====== Using 2017/8 HLT set =======
Processing: 0
Processing: 0.0487013
Processing: 0.0974026
Processing: 0.146104
Processing: 0.194805
Processing: 0.243506
Processing: 0.292208
Processing: 0.340909
Processing: 0.38961
Processing: 0.438312
Processing: 0.487013
Processing: 0.535714
Processing: 0.584415
Processing: 0.633117
Processing: 0.681818
Processing: 0.730519
Processing: 0.779221
Processing: 0.827922
Processing: 0.876623
Processing: 0.925324
Processing: 0.974026
Processing /isilon/hadoop/store/user/dryu/DijetSkim/v2_0_7/QCD_Pt_2017/QCD_Pt_1000to1400_TuneCP5_13TeV_pythia8/QCD_Pt_1000to1400/201215_061743/0000/nanoskim_7.root
====== Using 2017/8 HLT set =======
Processing: 0
Processing: 0.0337134
Processing: 0.0674268
Processing: 0.10114
Processing: 0.134854
Processing: 0.168567
Processing: 0.20228
Processing: 0.235994
Processing: 0.269707
Processing: 0.303421
Processing: 0.337134
Processing: 0.370847
Processing: 0.404561
Processing: 0.438274
Processing: 0.471988
Processing: 0.505701
Processing: 0.539414
Processing: 0.573128
Processing: 0.606841
Processing: 0.640555
Processing: 0.674268
Processing: 0.707981
Processing: 0.741695
Processing: 0.775408
Processing: 0.809121
Processing: 0.842835
Processing: 0.876548
Processing: 0.910262
Processing: 0.943975
Processing: 0.977688
Processing /isilon/hadoop/store/user/dryu/DijetSkim/v2_0_7/QCD_Pt_2017/QCD_Pt_1000to1400_TuneCP5_13TeV_pythia8/QCD_Pt_1000to1400_ext1/201215_061927/0000/nanoskim_8.root
====== Using 2017/8 HLT set =======
Processing: 0
Processing: 0.0515996
Processing: 0.103199
Processing: 0.154799
Processing: 0.206398
Processing: 0.257998
Processing: 0.309598
Processing: 0.361197
Processing: 0.412797
Processing: 0.464396
Processing: 0.515996
Processing: 0.567595
Processing: 0.619195
Processing: 0.670795
Processing: 0.722394
Processing: 0.773994
Processing: 0.825593
Processing: 0.877193
Processing: 0.928793
Processing: 0.980392
Processing /isilon/hadoop/store/user/dryu/DijetSkim/v2_0_7/QCD_Pt_2017/QCD_Pt_1000to1400_TuneCP5_13TeV_pythia8/QCD_Pt_1000to1400_ext1/201215_061927/0000/nanoskim_3.root
====== Using 2017/8 HLT set =======
Processing: 0
Processing: 0.0515996
Processing: 0.103199
Processing: 0.154799
Processing: 0.206398
Processing: 0.257998
Processing: 0.309598
Processing: 0.361197
Processing: 0.412797
Processing: 0.464396
Processing: 0.515996
Processing: 0.567595
Processing: 0.619195
Processing: 0.670795
Processing: 0.722394
Processing: 0.773994
Processing: 0.825593
Processing: 0.877193
Processing: 0.928793
Processing: 0.980392
Processing /isilon/hadoop/store/user/dryu/DijetSkim/v2_0_7/QCD_Pt_2017/QCD_Pt_1000to1400_TuneCP5_13TeV_pythia8/QCD_Pt_1000to1400_ext1/201215_061927/0000/nanoskim_18.root
====== Using 2017/8 HLT set =======
Processing: 0
Processing: 0.0700281
Processing: 0.140056
Processing: 0.210084
Processing: 0.280112
Processing: 0.350141
Processing: 0.420169
Processing: 0.490197
Processing: 0.560225
Processing: 0.630253
Processing: 0.700281
Processing: 0.770309
Processing: 0.840337
Processing: 0.910365
Processing: 0.980394
Processing /isilon/hadoop/store/user/dryu/DijetSkim/v2_0_7/QCD_Pt_2017/QCD_Pt_1000to1400_TuneCP5_13TeV_pythia8/QCD_Pt_1000to1400_ext1/201215_061927/0000/nanoskim_12.root
====== Using 2017/8 HLT set =======
Processing: 0
Processing: 0.0584795
Processing: 0.116959
Processing: 0.175439
Processing: 0.233918
Processing: 0.292398
Processing: 0.350877
Processing: 0.409357
Processing: 0.467836
Processing: 0.526316
Processing: 0.584795
Processing: 0.643275
Processing: 0.701754
Processing: 0.760234
Processing: 0.818713
Processing: 0.877193
Processing: 0.935673
Processing: 0.994152
Processing /isilon/hadoop/store/user/dryu/DijetSkim/v2_0_7/QCD_Pt_2017/QCD_Pt_1000to1400_TuneCP5_13TeV_pythia8/QCD_Pt_1000to1400_ext1/201215_061927/0000/nanoskim_10.root
====== Using 2017/8 HLT set =======
Processing: 0
Processing: 0.0584797
Processing: 0.116959
Processing: 0.175439
Processing: 0.233919
Processing: 0.292398
Processing: 0.350878
Processing: 0.409358
Processing: 0.467837
Processing: 0.526317
Processing: 0.584797
Processing: 0.643276
Processing: 0.701756
Processing: 0.760236
Processing: 0.818715
Processing: 0.877195
Processing: 0.935675
Processing: 0.994154
Processing /isilon/hadoop/store/user/dryu/DijetSkim/v2_0_7/QCD_Pt_2017/QCD_Pt_1000to1400_TuneCP5_13TeV_pythia8/QCD_Pt_1000to1400_ext1/201215_061927/0000/nanoskim_1.root
====== Using 2017/8 HLT set =======
Processing: 0
Processing: 0.0419112
Processing: 0.0838224
Processing: 0.125734
Processing: 0.167645
Processing: 0.209556
Processing: 0.251467
Processing: 0.293378
Processing: 0.335289
Processing: 0.377201
Processing: 0.419112
Processing: 0.461023
Processing: 0.502934
Processing: 0.544845
Processing: 0.586757
Processing: 0.628668
Processing: 0.670579
Processing: 0.71249
Processing: 0.754401
Processing: 0.796313
Processing: 0.838224
Processing: 0.880135
Processing: 0.922046
Processing: 0.963957
Processing /isilon/hadoop/store/user/dryu/DijetSkim/v2_0_7/QCD_Pt_2017/QCD_Pt_1000to1400_TuneCP5_13TeV_pythia8/QCD_Pt_1000to1400_ext1/201215_061927/0000/nanoskim_4.root
====== Using 2017/8 HLT set =======
Processing: 0
Processing: 0.0438596
Processing: 0.0877193
Processing: 0.131579
Processing: 0.175439
Processing: 0.219298
Processing: 0.263158
Processing: 0.307018
Processing: 0.350877
Processing: 0.394737
Processing: 0.438596
Processing: 0.482456
Processing: 0.526316
Processing: 0.570175
Processing: 0.614035
Processing: 0.657895
Processing: 0.701754
Processing: 0.745614
Processing: 0.789474
Processing: 0.833333
Processing: 0.877193
Processing: 0.921053
Processing: 0.964912
Processing /isilon/hadoop/store/user/dryu/DijetSkim/v2_0_7/QCD_Pt_2017/QCD_Pt_1000to1400_TuneCP5_13TeV_pythia8/QCD_Pt_1000to1400_ext1/201215_061927/0000/nanoskim_13.root
====== Using 2017/8 HLT set =======
Processing: 0
Processing: 0.0553097
Processing: 0.110619
Processing: 0.165929
Processing: 0.221239
Processing: 0.276549
Processing: 0.331858
Processing: 0.387168
Processing: 0.442478
Processing: 0.497788
Processing: 0.553097
Processing: 0.608407
Processing: 0.663717
Processing: 0.719027
Processing: 0.774336
Processing: 0.829646
Processing: 0.884956
Processing: 0.940265
Processing: 0.995575
Processing /isilon/hadoop/store/user/dryu/DijetSkim/v2_0_7/QCD_Pt_2017/QCD_Pt_1000to1400_TuneCP5_13TeV_pythia8/QCD_Pt_1000to1400_ext1/201215_061927/0000/nanoskim_17.root
====== Using 2017/8 HLT set =======
Processing: 0
Processing: 0.0599521
Processing: 0.119904
Processing: 0.179856
Processing: 0.239808
Processing: 0.299761
Processing: 0.359713
Processing: 0.419665
Processing: 0.479617
Processing: 0.539569
Processing: 0.599521
Processing: 0.659473
Processing: 0.719425
Processing: 0.779377
Processing: 0.83933
Processing: 0.899282
Processing: 0.959234
Processing /isilon/hadoop/store/user/dryu/DijetSkim/v2_0_7/QCD_Pt_2017/QCD_Pt_1000to1400_TuneCP5_13TeV_pythia8/QCD_Pt_1000to1400_ext1/201215_061927/0000/nanoskim_2.root
====== Using 2017/8 HLT set =======
Processing: 0
Processing: 0.0626566
Processing: 0.125313
Processing: 0.18797
Processing: 0.250627
Processing: 0.313283
Processing: 0.37594
Processing: 0.438596
Processing: 0.501253
Processing: 0.56391
Processing: 0.626566
Processing: 0.689223
Processing: 0.75188
Processing: 0.814536
Processing: 0.877193
Processing: 0.93985
Processing /isilon/hadoop/store/user/dryu/DijetSkim/v2_0_7/QCD_Pt_2017/QCD_Pt_1000to1400_TuneCP5_13TeV_pythia8/QCD_Pt_1000to1400_ext1/201215_061927/0000/nanoskim_14.root
====== Using 2017/8 HLT set =======
Processing: 0
Processing: 0.0884956
Processing: 0.176991
Processing: 0.265487
Processing: 0.353982
Processing: 0.442478
Processing: 0.530973
Processing: 0.619469
Processing: 0.707965
Processing: 0.79646
Processing: 0.884956
Processing: 0.973451
Processing /isilon/hadoop/store/user/dryu/DijetSkim/v2_0_7/QCD_Pt_2017/QCD_Pt_1000to1400_TuneCP5_13TeV_pythia8/QCD_Pt_1000to1400_ext1/201215_061927/0000/nanoskim_5.root
====== Using 2017/8 HLT set =======
Processing: 0
Processing: 0.0471254
Processing: 0.0942507
Processing: 0.141376
Processing: 0.188501
Processing: 0.235627
Processing: 0.282752
Processing: 0.329877
Processing: 0.377003
Processing: 0.424128
Processing: 0.471254
Processing: 0.518379
Processing: 0.565504
Processing: 0.61263
Processing: 0.659755
Processing: 0.70688
Processing: 0.754006
Processing: 0.801131
Processing: 0.848256
Processing: 0.895382
Processing: 0.942507
Processing: 0.989632
Processing /isilon/hadoop/store/user/dryu/DijetSkim/v2_0_7/QCD_Pt_2017/QCD_Pt_1000to1400_TuneCP5_13TeV_pythia8/QCD_Pt_1000to1400_ext1/201215_061927/0000/nanoskim_9.root
====== Using 2017/8 HLT set =======
Processing: 0
Processing: 0.0674764
Processing: 0.134953
Processing: 0.202429
Processing: 0.269906
Processing: 0.337382
Processing: 0.404858
Processing: 0.472335
Processing: 0.539811
Processing: 0.607287
Processing: 0.674764
Processing: 0.74224
Processing: 0.809717
Processing: 0.877193
Processing: 0.944669
Processing /isilon/hadoop/store/user/dryu/DijetSkim/v2_0_7/QCD_Pt_2017/QCD_Pt_1000to1400_TuneCP5_13TeV_pythia8/QCD_Pt_1000to1400_ext1/201215_061927/0000/nanoskim_11.root
====== Using 2017/8 HLT set =======
Processing: 0
Processing: 0.0647669
Processing: 0.129534
Processing: 0.194301
Processing: 0.259068
Processing: 0.323835
Processing: 0.388602
Processing: 0.453368
Processing: 0.518135
Processing: 0.582902
Processing: 0.647669
Processing: 0.712436
Processing: 0.777203
Processing: 0.84197
Processing: 0.906737
Processing: 0.971504
Processing /isilon/hadoop/store/user/dryu/DijetSkim/v2_0_7/QCD_Pt_2017/QCD_Pt_1000to1400_TuneCP5_13TeV_pythia8/QCD_Pt_1000to1400_ext1/201215_061927/0000/nanoskim_6.root
====== Using 2017/8 HLT set =======
Processing: 0
Processing: 0.0521921
Processing: 0.104384
Processing: 0.156576
Processing: 0.208768
Processing: 0.26096
Processing: 0.313152
Processing: 0.365344
Processing: 0.417537
Processing: 0.469729
Processing: 0.521921
Processing: 0.574113
Processing: 0.626305
Processing: 0.678497
Processing: 0.730689
Processing: 0.782881
Processing: 0.835073
Processing: 0.887265
Processing: 0.939457
Processing: 0.991649
Processing /isilon/hadoop/store/user/dryu/DijetSkim/v2_0_7/QCD_Pt_2017/QCD_Pt_1000to1400_TuneCP5_13TeV_pythia8/QCD_Pt_1000to1400_ext1/201215_061927/0000/nanoskim_16.root
====== Using 2017/8 HLT set =======
Processing: 0
Processing: 0.0653595
Processing: 0.130719
Processing: 0.196078
Processing: 0.261438
Processing: 0.326797
Processing: 0.392157
Processing: 0.457516
Processing: 0.522876
Processing: 0.588235
Processing: 0.653595
Processing: 0.718954
Processing: 0.784314
Processing: 0.849673
Processing: 0.915033
Processing: 0.980392
Processing /isilon/hadoop/store/user/dryu/DijetSkim/v2_0_7/QCD_Pt_2017/QCD_Pt_1000to1400_TuneCP5_13TeV_pythia8/QCD_Pt_1000to1400_ext1/201215_061927/0000/nanoskim_15.root
====== Using 2017/8 HLT set =======
Processing: 0
Processing: 0.0806452
Processing: 0.16129
Processing: 0.241935
Processing: 0.322581
Processing: 0.403226
Processing: 0.483871
Processing: 0.564516
Processing: 0.645161
Processing: 0.725806
Processing: 0.806452
Processing: 0.887097
Processing: 0.967742
Processing /isilon/hadoop/store/user/dryu/DijetSkim/v2_0_7/QCD_Pt_2017/QCD_Pt_1000to1400_TuneCP5_13TeV_pythia8/QCD_Pt_1000to1400_ext1/201215_061927/0000/nanoskim_7.root
====== Using 2017/8 HLT set =======
Processing: 0
Processing: 0.0338983
Processing: 0.0677966
Processing: 0.101695
Processing: 0.135593
Processing: 0.169492
Processing: 0.20339
Processing: 0.237288
Processing: 0.271186
Processing: 0.305085
Processing: 0.338983
Processing: 0.372881
Processing: 0.40678
Processing: 0.440678
Processing: 0.474576
Processing: 0.508475
Processing: 0.542373
Processing: 0.576271
Processing: 0.610169
Processing: 0.644068
Processing: 0.677966
Processing: 0.711864
Processing: 0.745763
Processing: 0.779661
Processing: 0.813559
Processing: 0.847458
Processing: 0.881356
Processing: 0.915254
Processing: 0.949153
Processing: 0.983051
35819797 35817266 18651591 0 0
Info in <TCanvas::Print>: png file njet.png has been created
selectTrijet: Real Time = 1197.21 seconds Cpu Time = 608.67 seconds
