
Processing selection/3_jets/select_ML_Fullmatch.C+("ZprimeTo3Gluon_TuneCP5_13TeV_pythia8","outputs_temp",-1,2017)...
Info in <TUnixSystem::ACLiC>: creating shared library /home/xyan13/Trijet/TrijetAna/TrijetAna/./selection/3_jets/select_ML_Fullmatch_C.so
begin loop over files
Processing /isilon/hadoop/store/user/dryu/DijetSkim/v2_0_10/ZprimeTo3Gluon_2017/ZprimeTo3Gluon_TuneCP5_13TeV_pythia8/ZprimeTo3Gluon_scan_2017/210630_145040/0000/nanoskim_8.root
Warning in <TClass::Init>: no dictionary for class edm::Hash<1> is available
Warning in <TClass::Init>: no dictionary for class edm::ProcessHistory is available
Warning in <TClass::Init>: no dictionary for class edm::ProcessConfiguration is available
Warning in <TClass::Init>: no dictionary for class edm::ParameterSetBlob is available
Warning in <TClass::Init>: no dictionary for class pair<edm::Hash<1>,edm::ParameterSetBlob> is available
====== Using 2017/8 HLT set =======
OK
Processing /isilon/hadoop/store/user/dryu/DijetSkim/v2_0_10/ZprimeTo3Gluon_2017/ZprimeTo3Gluon_TuneCP5_13TeV_pythia8/ZprimeTo3Gluon_scan_2017/210630_145040/0000/nanoskim_19.root
====== Using 2017/8 HLT set =======
OK
Processing /isilon/hadoop/store/user/dryu/DijetSkim/v2_0_10/ZprimeTo3Gluon_2017/ZprimeTo3Gluon_TuneCP5_13TeV_pythia8/ZprimeTo3Gluon_scan_2017/210630_145040/0000/nanoskim_3.root
====== Using 2017/8 HLT set =======
OK
Processing /isilon/hadoop/store/user/dryu/DijetSkim/v2_0_10/ZprimeTo3Gluon_2017/ZprimeTo3Gluon_TuneCP5_13TeV_pythia8/ZprimeTo3Gluon_scan_2017/210630_145040/0000/nanoskim_20.root
====== Using 2017/8 HLT set =======
OK
Processing /isilon/hadoop/store/user/dryu/DijetSkim/v2_0_10/ZprimeTo3Gluon_2017/ZprimeTo3Gluon_TuneCP5_13TeV_pythia8/ZprimeTo3Gluon_scan_2017/210630_145040/0000/nanoskim_18.root
====== Using 2017/8 HLT set =======
OK
Processing /isilon/hadoop/store/user/dryu/DijetSkim/v2_0_10/ZprimeTo3Gluon_2017/ZprimeTo3Gluon_TuneCP5_13TeV_pythia8/ZprimeTo3Gluon_scan_2017/210630_145040/0000/nanoskim_24.root
====== Using 2017/8 HLT set =======
OK
Processing /isilon/hadoop/store/user/dryu/DijetSkim/v2_0_10/ZprimeTo3Gluon_2017/ZprimeTo3Gluon_TuneCP5_13TeV_pythia8/ZprimeTo3Gluon_scan_2017/210630_145040/0000/nanoskim_12.root
====== Using 2017/8 HLT set =======
OK
Processing /isilon/hadoop/store/user/dryu/DijetSkim/v2_0_10/ZprimeTo3Gluon_2017/ZprimeTo3Gluon_TuneCP5_13TeV_pythia8/ZprimeTo3Gluon_scan_2017/210630_145040/0000/nanoskim_10.root
====== Using 2017/8 HLT set =======
OK
Processing /isilon/hadoop/store/user/dryu/DijetSkim/v2_0_10/ZprimeTo3Gluon_2017/ZprimeTo3Gluon_TuneCP5_13TeV_pythia8/ZprimeTo3Gluon_scan_2017/210630_145040/0000/nanoskim_1.root
====== Using 2017/8 HLT set =======
OK
Processing /isilon/hadoop/store/user/dryu/DijetSkim/v2_0_10/ZprimeTo3Gluon_2017/ZprimeTo3Gluon_TuneCP5_13TeV_pythia8/ZprimeTo3Gluon_scan_2017/210630_145040/0000/nanoskim_4.root
====== Using 2017/8 HLT set =======
OK
Processing /isilon/hadoop/store/user/dryu/DijetSkim/v2_0_10/ZprimeTo3Gluon_2017/ZprimeTo3Gluon_TuneCP5_13TeV_pythia8/ZprimeTo3Gluon_scan_2017/210630_145040/0000/nanoskim_13.root
====== Using 2017/8 HLT set =======
OK
Processing /isilon/hadoop/store/user/dryu/DijetSkim/v2_0_10/ZprimeTo3Gluon_2017/ZprimeTo3Gluon_TuneCP5_13TeV_pythia8/ZprimeTo3Gluon_scan_2017/210630_145040/0000/nanoskim_17.root
====== Using 2017/8 HLT set =======
OK
Processing /isilon/hadoop/store/user/dryu/DijetSkim/v2_0_10/ZprimeTo3Gluon_2017/ZprimeTo3Gluon_TuneCP5_13TeV_pythia8/ZprimeTo3Gluon_scan_2017/210630_145040/0000/nanoskim_21.root
====== Using 2017/8 HLT set =======
OK
Processing /isilon/hadoop/store/user/dryu/DijetSkim/v2_0_10/ZprimeTo3Gluon_2017/ZprimeTo3Gluon_TuneCP5_13TeV_pythia8/ZprimeTo3Gluon_scan_2017/210630_145040/0000/nanoskim_23.root
====== Using 2017/8 HLT set =======
OK
Processing /isilon/hadoop/store/user/dryu/DijetSkim/v2_0_10/ZprimeTo3Gluon_2017/ZprimeTo3Gluon_TuneCP5_13TeV_pythia8/ZprimeTo3Gluon_scan_2017/210630_145040/0000/nanoskim_14.root
====== Using 2017/8 HLT set =======
OK
Processing /isilon/hadoop/store/user/dryu/DijetSkim/v2_0_10/ZprimeTo3Gluon_2017/ZprimeTo3Gluon_TuneCP5_13TeV_pythia8/ZprimeTo3Gluon_scan_2017/210630_145040/0000/nanoskim_5.root
====== Using 2017/8 HLT set =======
OK
Processing /isilon/hadoop/store/user/dryu/DijetSkim/v2_0_10/ZprimeTo3Gluon_2017/ZprimeTo3Gluon_TuneCP5_13TeV_pythia8/ZprimeTo3Gluon_scan_2017/210630_145040/0000/nanoskim_9.root
====== Using 2017/8 HLT set =======
OK
Processing /isilon/hadoop/store/user/dryu/DijetSkim/v2_0_10/ZprimeTo3Gluon_2017/ZprimeTo3Gluon_TuneCP5_13TeV_pythia8/ZprimeTo3Gluon_scan_2017/210630_145040/0000/nanoskim_11.root
====== Using 2017/8 HLT set =======
OK
Processing /isilon/hadoop/store/user/dryu/DijetSkim/v2_0_10/ZprimeTo3Gluon_2017/ZprimeTo3Gluon_TuneCP5_13TeV_pythia8/ZprimeTo3Gluon_scan_2017/210630_145040/0000/nanoskim_6.root
====== Using 2017/8 HLT set =======
OK
Processing /isilon/hadoop/store/user/dryu/DijetSkim/v2_0_10/ZprimeTo3Gluon_2017/ZprimeTo3Gluon_TuneCP5_13TeV_pythia8/ZprimeTo3Gluon_scan_2017/210630_145040/0000/nanoskim_16.root
====== Using 2017/8 HLT set =======
OK
Processing /isilon/hadoop/store/user/dryu/DijetSkim/v2_0_10/ZprimeTo3Gluon_2017/ZprimeTo3Gluon_TuneCP5_13TeV_pythia8/ZprimeTo3Gluon_scan_2017/210630_145040/0000/nanoskim_15.root
====== Using 2017/8 HLT set =======
OK
Processing /isilon/hadoop/store/user/dryu/DijetSkim/v2_0_10/ZprimeTo3Gluon_2017/ZprimeTo3Gluon_TuneCP5_13TeV_pythia8/ZprimeTo3Gluon_scan_2017/210630_145040/0000/nanoskim_22.root
====== Using 2017/8 HLT set =======
OK
Processing /isilon/hadoop/store/user/dryu/DijetSkim/v2_0_10/ZprimeTo3Gluon_2017/ZprimeTo3Gluon_TuneCP5_13TeV_pythia8/ZprimeTo3Gluon_scan_2017/210630_145040/0000/nanoskim_7.root
====== Using 2017/8 HLT set =======
OK
434128 107887 100147 0 45832
Info in <TCanvas::Print>: png file njet.png has been created
Info in <TCanvas::Print>: png file dR.png has been created
selectTrijet: Real Time =  65.83 seconds Cpu Time =  65.66 seconds
