
Processing selection/select_ML_QCD.C+("QCD_Pt_300to470","outputs",-1,2017)...
Info in <TUnixSystem::ACLiC>: creating shared library /home/xyan13/Trijet/TrijetAna/TrijetAna/./selection/select_ML_QCD_C.so
begin loop over files
Processing /isilon/hadoop/store/user/dryu/DijetSkim/v2_0_7/QCD_Pt_2017/QCD_Pt_300to470_TuneCP5_13TeV_pythia8/QCD_Pt_300to470_ext1/201215_062906/0000/nanoskim_8.root
Warning in <TClass::Init>: no dictionary for class edm::Hash<1> is available
Warning in <TClass::Init>: no dictionary for class edm::ProcessHistory is available
Warning in <TClass::Init>: no dictionary for class edm::ProcessConfiguration is available
Warning in <TClass::Init>: no dictionary for class edm::ParameterSetBlob is available
Warning in <TClass::Init>: no dictionary for class pair<edm::Hash<1>,edm::ParameterSetBlob> is available
====== Using 2017/8 HLT set =======
Processing /isilon/hadoop/store/user/dryu/DijetSkim/v2_0_7/QCD_Pt_2017/QCD_Pt_300to470_TuneCP5_13TeV_pythia8/QCD_Pt_300to470_ext1/201215_062906/0000/nanoskim_32.root
====== Using 2017/8 HLT set =======
Processing /isilon/hadoop/store/user/dryu/DijetSkim/v2_0_7/QCD_Pt_2017/QCD_Pt_300to470_TuneCP5_13TeV_pythia8/QCD_Pt_300to470_ext1/201215_062906/0000/nanoskim_19.root
====== Using 2017/8 HLT set =======
Processing /isilon/hadoop/store/user/dryu/DijetSkim/v2_0_7/QCD_Pt_2017/QCD_Pt_300to470_TuneCP5_13TeV_pythia8/QCD_Pt_300to470_ext1/201215_062906/0000/nanoskim_39.root
====== Using 2017/8 HLT set =======
Processing /isilon/hadoop/store/user/dryu/DijetSkim/v2_0_7/QCD_Pt_2017/QCD_Pt_300to470_TuneCP5_13TeV_pythia8/QCD_Pt_300to470_ext1/201215_062906/0000/nanoskim_3.root
====== Using 2017/8 HLT set =======
Processing /isilon/hadoop/store/user/dryu/DijetSkim/v2_0_7/QCD_Pt_2017/QCD_Pt_300to470_TuneCP5_13TeV_pythia8/QCD_Pt_300to470_ext1/201215_062906/0000/nanoskim_20.root
====== Using 2017/8 HLT set =======
Processing /isilon/hadoop/store/user/dryu/DijetSkim/v2_0_7/QCD_Pt_2017/QCD_Pt_300to470_TuneCP5_13TeV_pythia8/QCD_Pt_300to470_ext1/201215_062906/0000/nanoskim_18.root
====== Using 2017/8 HLT set =======
Processing /isilon/hadoop/store/user/dryu/DijetSkim/v2_0_7/QCD_Pt_2017/QCD_Pt_300to470_TuneCP5_13TeV_pythia8/QCD_Pt_300to470_ext1/201215_062906/0000/nanoskim_24.root
====== Using 2017/8 HLT set =======
Processing /isilon/hadoop/store/user/dryu/DijetSkim/v2_0_7/QCD_Pt_2017/QCD_Pt_300to470_TuneCP5_13TeV_pythia8/QCD_Pt_300to470_ext1/201215_062906/0000/nanoskim_12.root
====== Using 2017/8 HLT set =======
Processing /isilon/hadoop/store/user/dryu/DijetSkim/v2_0_7/QCD_Pt_2017/QCD_Pt_300to470_TuneCP5_13TeV_pythia8/QCD_Pt_300to470_ext1/201215_062906/0000/nanoskim_54.root
====== Using 2017/8 HLT set =======
Processing /isilon/hadoop/store/user/dryu/DijetSkim/v2_0_7/QCD_Pt_2017/QCD_Pt_300to470_TuneCP5_13TeV_pythia8/QCD_Pt_300to470_ext1/201215_062906/0000/nanoskim_34.root
====== Using 2017/8 HLT set =======
Processing /isilon/hadoop/store/user/dryu/DijetSkim/v2_0_7/QCD_Pt_2017/QCD_Pt_300to470_TuneCP5_13TeV_pythia8/QCD_Pt_300to470_ext1/201215_062906/0000/nanoskim_37.root
====== Using 2017/8 HLT set =======
Processing /isilon/hadoop/store/user/dryu/DijetSkim/v2_0_7/QCD_Pt_2017/QCD_Pt_300to470_TuneCP5_13TeV_pythia8/QCD_Pt_300to470_ext1/201215_062906/0000/nanoskim_30.root
====== Using 2017/8 HLT set =======
Processing /isilon/hadoop/store/user/dryu/DijetSkim/v2_0_7/QCD_Pt_2017/QCD_Pt_300to470_TuneCP5_13TeV_pythia8/QCD_Pt_300to470_ext1/201215_062906/0000/nanoskim_10.root
====== Using 2017/8 HLT set =======
Processing /isilon/hadoop/store/user/dryu/DijetSkim/v2_0_7/QCD_Pt_2017/QCD_Pt_300to470_TuneCP5_13TeV_pythia8/QCD_Pt_300to470_ext1/201215_062906/0000/nanoskim_1.root
====== Using 2017/8 HLT set =======
Processing /isilon/hadoop/store/user/dryu/DijetSkim/v2_0_7/QCD_Pt_2017/QCD_Pt_300to470_TuneCP5_13TeV_pythia8/QCD_Pt_300to470_ext1/201215_062906/0000/nanoskim_35.root
====== Using 2017/8 HLT set =======
Processing /isilon/hadoop/store/user/dryu/DijetSkim/v2_0_7/QCD_Pt_2017/QCD_Pt_300to470_TuneCP5_13TeV_pythia8/QCD_Pt_300to470_ext1/201215_062906/0000/nanoskim_57.root
====== Using 2017/8 HLT set =======
Processing /isilon/hadoop/store/user/dryu/DijetSkim/v2_0_7/QCD_Pt_2017/QCD_Pt_300to470_TuneCP5_13TeV_pythia8/QCD_Pt_300to470_ext1/201215_062906/0000/nanoskim_4.root
====== Using 2017/8 HLT set =======
Processing /isilon/hadoop/store/user/dryu/DijetSkim/v2_0_7/QCD_Pt_2017/QCD_Pt_300to470_TuneCP5_13TeV_pythia8/QCD_Pt_300to470_ext1/201215_062906/0000/nanoskim_44.root
====== Using 2017/8 HLT set =======
Processing /isilon/hadoop/store/user/dryu/DijetSkim/v2_0_7/QCD_Pt_2017/QCD_Pt_300to470_TuneCP5_13TeV_pythia8/QCD_Pt_300to470_ext1/201215_062906/0000/nanoskim_13.root
====== Using 2017/8 HLT set =======
Processing /isilon/hadoop/store/user/dryu/DijetSkim/v2_0_7/QCD_Pt_2017/QCD_Pt_300to470_TuneCP5_13TeV_pythia8/QCD_Pt_300to470_ext1/201215_062906/0000/nanoskim_38.root
====== Using 2017/8 HLT set =======
Processing /isilon/hadoop/store/user/dryu/DijetSkim/v2_0_7/QCD_Pt_2017/QCD_Pt_300to470_TuneCP5_13TeV_pythia8/QCD_Pt_300to470_ext1/201215_062906/0000/nanoskim_50.root
====== Using 2017/8 HLT set =======
Processing /isilon/hadoop/store/user/dryu/DijetSkim/v2_0_7/QCD_Pt_2017/QCD_Pt_300to470_TuneCP5_13TeV_pythia8/QCD_Pt_300to470_ext1/201215_062906/0000/nanoskim_43.root
====== Using 2017/8 HLT set =======
Processing /isilon/hadoop/store/user/dryu/DijetSkim/v2_0_7/QCD_Pt_2017/QCD_Pt_300to470_TuneCP5_13TeV_pythia8/QCD_Pt_300to470_ext1/201215_062906/0000/nanoskim_31.root
====== Using 2017/8 HLT set =======
Processing /isilon/hadoop/store/user/dryu/DijetSkim/v2_0_7/QCD_Pt_2017/QCD_Pt_300to470_TuneCP5_13TeV_pythia8/QCD_Pt_300to470_ext1/201215_062906/0000/nanoskim_53.root
====== Using 2017/8 HLT set =======
Processing /isilon/hadoop/store/user/dryu/DijetSkim/v2_0_7/QCD_Pt_2017/QCD_Pt_300to470_TuneCP5_13TeV_pythia8/QCD_Pt_300to470_ext1/201215_062906/0000/nanoskim_17.root
====== Using 2017/8 HLT set =======
Processing /isilon/hadoop/store/user/dryu/DijetSkim/v2_0_7/QCD_Pt_2017/QCD_Pt_300to470_TuneCP5_13TeV_pythia8/QCD_Pt_300to470_ext1/201215_062906/0000/nanoskim_48.root
====== Using 2017/8 HLT set =======
Processing /isilon/hadoop/store/user/dryu/DijetSkim/v2_0_7/QCD_Pt_2017/QCD_Pt_300to470_TuneCP5_13TeV_pythia8/QCD_Pt_300to470_ext1/201215_062906/0000/nanoskim_55.root
====== Using 2017/8 HLT set =======
Processing /isilon/hadoop/store/user/dryu/DijetSkim/v2_0_7/QCD_Pt_2017/QCD_Pt_300to470_TuneCP5_13TeV_pythia8/QCD_Pt_300to470_ext1/201215_062906/0000/nanoskim_61.root
====== Using 2017/8 HLT set =======
Processing /isilon/hadoop/store/user/dryu/DijetSkim/v2_0_7/QCD_Pt_2017/QCD_Pt_300to470_TuneCP5_13TeV_pythia8/QCD_Pt_300to470_ext1/201215_062906/0000/nanoskim_2.root
====== Using 2017/8 HLT set =======
Processing /isilon/hadoop/store/user/dryu/DijetSkim/v2_0_7/QCD_Pt_2017/QCD_Pt_300to470_TuneCP5_13TeV_pythia8/QCD_Pt_300to470_ext1/201215_062906/0000/nanoskim_29.root
====== Using 2017/8 HLT set =======
Processing /isilon/hadoop/store/user/dryu/DijetSkim/v2_0_7/QCD_Pt_2017/QCD_Pt_300to470_TuneCP5_13TeV_pythia8/QCD_Pt_300to470_ext1/201215_062906/0000/nanoskim_45.root
====== Using 2017/8 HLT set =======
Processing /isilon/hadoop/store/user/dryu/DijetSkim/v2_0_7/QCD_Pt_2017/QCD_Pt_300to470_TuneCP5_13TeV_pythia8/QCD_Pt_300to470_ext1/201215_062906/0000/nanoskim_21.root
====== Using 2017/8 HLT set =======
Processing /isilon/hadoop/store/user/dryu/DijetSkim/v2_0_7/QCD_Pt_2017/QCD_Pt_300to470_TuneCP5_13TeV_pythia8/QCD_Pt_300to470_ext1/201215_062906/0000/nanoskim_25.root
====== Using 2017/8 HLT set =======
Processing /isilon/hadoop/store/user/dryu/DijetSkim/v2_0_7/QCD_Pt_2017/QCD_Pt_300to470_TuneCP5_13TeV_pythia8/QCD_Pt_300to470_ext1/201215_062906/0000/nanoskim_51.root
====== Using 2017/8 HLT set =======
Processing /isilon/hadoop/store/user/dryu/DijetSkim/v2_0_7/QCD_Pt_2017/QCD_Pt_300to470_TuneCP5_13TeV_pythia8/QCD_Pt_300to470_ext1/201215_062906/0000/nanoskim_36.root
====== Using 2017/8 HLT set =======
Processing /isilon/hadoop/store/user/dryu/DijetSkim/v2_0_7/QCD_Pt_2017/QCD_Pt_300to470_TuneCP5_13TeV_pythia8/QCD_Pt_300to470_ext1/201215_062906/0000/nanoskim_41.root
====== Using 2017/8 HLT set =======
Processing /isilon/hadoop/store/user/dryu/DijetSkim/v2_0_7/QCD_Pt_2017/QCD_Pt_300to470_TuneCP5_13TeV_pythia8/QCD_Pt_300to470_ext1/201215_062906/0000/nanoskim_40.root
====== Using 2017/8 HLT set =======
Processing /isilon/hadoop/store/user/dryu/DijetSkim/v2_0_7/QCD_Pt_2017/QCD_Pt_300to470_TuneCP5_13TeV_pythia8/QCD_Pt_300to470_ext1/201215_062906/0000/nanoskim_27.root
====== Using 2017/8 HLT set =======
Processing /isilon/hadoop/store/user/dryu/DijetSkim/v2_0_7/QCD_Pt_2017/QCD_Pt_300to470_TuneCP5_13TeV_pythia8/QCD_Pt_300to470_ext1/201215_062906/0000/nanoskim_23.root
====== Using 2017/8 HLT set =======
Processing /isilon/hadoop/store/user/dryu/DijetSkim/v2_0_7/QCD_Pt_2017/QCD_Pt_300to470_TuneCP5_13TeV_pythia8/QCD_Pt_300to470_ext1/201215_062906/0000/nanoskim_14.root
====== Using 2017/8 HLT set =======
Processing /isilon/hadoop/store/user/dryu/DijetSkim/v2_0_7/QCD_Pt_2017/QCD_Pt_300to470_TuneCP5_13TeV_pythia8/QCD_Pt_300to470_ext1/201215_062906/0000/nanoskim_65.root
====== Using 2017/8 HLT set =======
Processing /isilon/hadoop/store/user/dryu/DijetSkim/v2_0_7/QCD_Pt_2017/QCD_Pt_300to470_TuneCP5_13TeV_pythia8/QCD_Pt_300to470_ext1/201215_062906/0000/nanoskim_42.root
====== Using 2017/8 HLT set =======
Processing /isilon/hadoop/store/user/dryu/DijetSkim/v2_0_7/QCD_Pt_2017/QCD_Pt_300to470_TuneCP5_13TeV_pythia8/QCD_Pt_300to470_ext1/201215_062906/0000/nanoskim_5.root
====== Using 2017/8 HLT set =======
Processing /isilon/hadoop/store/user/dryu/DijetSkim/v2_0_7/QCD_Pt_2017/QCD_Pt_300to470_TuneCP5_13TeV_pythia8/QCD_Pt_300to470_ext1/201215_062906/0000/nanoskim_9.root
====== Using 2017/8 HLT set =======
Processing /isilon/hadoop/store/user/dryu/DijetSkim/v2_0_7/QCD_Pt_2017/QCD_Pt_300to470_TuneCP5_13TeV_pythia8/QCD_Pt_300to470_ext1/201215_062906/0000/nanoskim_11.root
====== Using 2017/8 HLT set =======
Processing /isilon/hadoop/store/user/dryu/DijetSkim/v2_0_7/QCD_Pt_2017/QCD_Pt_300to470_TuneCP5_13TeV_pythia8/QCD_Pt_300to470_ext1/201215_062906/0000/nanoskim_66.root
====== Using 2017/8 HLT set =======
Processing /isilon/hadoop/store/user/dryu/DijetSkim/v2_0_7/QCD_Pt_2017/QCD_Pt_300to470_TuneCP5_13TeV_pythia8/QCD_Pt_300to470_ext1/201215_062906/0000/nanoskim_64.root
====== Using 2017/8 HLT set =======
Processing /isilon/hadoop/store/user/dryu/DijetSkim/v2_0_7/QCD_Pt_2017/QCD_Pt_300to470_TuneCP5_13TeV_pythia8/QCD_Pt_300to470_ext1/201215_062906/0000/nanoskim_62.root
====== Using 2017/8 HLT set =======
Processing /isilon/hadoop/store/user/dryu/DijetSkim/v2_0_7/QCD_Pt_2017/QCD_Pt_300to470_TuneCP5_13TeV_pythia8/QCD_Pt_300to470_ext1/201215_062906/0000/nanoskim_6.root
====== Using 2017/8 HLT set =======
Processing /isilon/hadoop/store/user/dryu/DijetSkim/v2_0_7/QCD_Pt_2017/QCD_Pt_300to470_TuneCP5_13TeV_pythia8/QCD_Pt_300to470_ext1/201215_062906/0000/nanoskim_67.root
====== Using 2017/8 HLT set =======
Processing /isilon/hadoop/store/user/dryu/DijetSkim/v2_0_7/QCD_Pt_2017/QCD_Pt_300to470_TuneCP5_13TeV_pythia8/QCD_Pt_300to470_ext1/201215_062906/0000/nanoskim_60.root
====== Using 2017/8 HLT set =======
Processing /isilon/hadoop/store/user/dryu/DijetSkim/v2_0_7/QCD_Pt_2017/QCD_Pt_300to470_TuneCP5_13TeV_pythia8/QCD_Pt_300to470_ext1/201215_062906/0000/nanoskim_16.root
====== Using 2017/8 HLT set =======
Processing /isilon/hadoop/store/user/dryu/DijetSkim/v2_0_7/QCD_Pt_2017/QCD_Pt_300to470_TuneCP5_13TeV_pythia8/QCD_Pt_300to470_ext1/201215_062906/0000/nanoskim_46.root
====== Using 2017/8 HLT set =======
Processing /isilon/hadoop/store/user/dryu/DijetSkim/v2_0_7/QCD_Pt_2017/QCD_Pt_300to470_TuneCP5_13TeV_pythia8/QCD_Pt_300to470_ext1/201215_062906/0000/nanoskim_28.root
====== Using 2017/8 HLT set =======
Processing /isilon/hadoop/store/user/dryu/DijetSkim/v2_0_7/QCD_Pt_2017/QCD_Pt_300to470_TuneCP5_13TeV_pythia8/QCD_Pt_300to470_ext1/201215_062906/0000/nanoskim_26.root
====== Using 2017/8 HLT set =======
Processing /isilon/hadoop/store/user/dryu/DijetSkim/v2_0_7/QCD_Pt_2017/QCD_Pt_300to470_TuneCP5_13TeV_pythia8/QCD_Pt_300to470_ext1/201215_062906/0000/nanoskim_15.root
====== Using 2017/8 HLT set =======
Processing /isilon/hadoop/store/user/dryu/DijetSkim/v2_0_7/QCD_Pt_2017/QCD_Pt_300to470_TuneCP5_13TeV_pythia8/QCD_Pt_300to470_ext1/201215_062906/0000/nanoskim_59.root
====== Using 2017/8 HLT set =======
Processing /isilon/hadoop/store/user/dryu/DijetSkim/v2_0_7/QCD_Pt_2017/QCD_Pt_300to470_TuneCP5_13TeV_pythia8/QCD_Pt_300to470_ext1/201215_062906/0000/nanoskim_22.root
====== Using 2017/8 HLT set =======
Processing /isilon/hadoop/store/user/dryu/DijetSkim/v2_0_7/QCD_Pt_2017/QCD_Pt_300to470_TuneCP5_13TeV_pythia8/QCD_Pt_300to470_ext1/201215_062906/0000/nanoskim_7.root
====== Using 2017/8 HLT set =======
Processing /isilon/hadoop/store/user/dryu/DijetSkim/v2_0_7/QCD_Pt_2017/QCD_Pt_300to470_TuneCP5_13TeV_pythia8/QCD_Pt_300to470_ext1/201215_062906/0000/nanoskim_49.root
====== Using 2017/8 HLT set =======
Processing /isilon/hadoop/store/user/dryu/DijetSkim/v2_0_7/QCD_Pt_2017/QCD_Pt_300to470_TuneCP5_13TeV_pythia8/QCD_Pt_300to470_ext1/201215_062906/0000/nanoskim_56.root
====== Using 2017/8 HLT set =======
Processing /isilon/hadoop/store/user/dryu/DijetSkim/v2_0_7/QCD_Pt_2017/QCD_Pt_300to470_TuneCP5_13TeV_pythia8/QCD_Pt_300to470_ext1/201215_062906/0000/nanoskim_58.root
====== Using 2017/8 HLT set =======
Processing /isilon/hadoop/store/user/dryu/DijetSkim/v2_0_7/QCD_Pt_2017/QCD_Pt_300to470_TuneCP5_13TeV_pythia8/QCD_Pt_300to470_ext1/201215_062906/0000/nanoskim_33.root
====== Using 2017/8 HLT set =======
Processing /isilon/hadoop/store/user/dryu/DijetSkim/v2_0_7/QCD_Pt_2017/QCD_Pt_300to470_TuneCP5_13TeV_pythia8/QCD_Pt_300to470_ext1/201215_062906/0000/nanoskim_47.root
====== Using 2017/8 HLT set =======
Processing /isilon/hadoop/store/user/dryu/DijetSkim/v2_0_7/QCD_Pt_2017/QCD_Pt_300to470_TuneCP5_13TeV_pythia8/QCD_Pt_300to470_ext1/201215_062906/0000/nanoskim_52.root
====== Using 2017/8 HLT set =======
Processing /isilon/hadoop/store/user/dryu/DijetSkim/v2_0_7/QCD_Pt_2017/QCD_Pt_300to470_TuneCP5_13TeV_pythia8/QCD_Pt_300to470_ext1/201215_062906/0000/nanoskim_63.root
====== Using 2017/8 HLT set =======
Processing /isilon/hadoop/store/user/dryu/DijetSkim/v2_0_7/QCD_Pt_2017/QCD_Pt_300to470_TuneCP5_13TeV_pythia8/QCD_Pt_300to470/201215_062735/0000/nanoskim_8.root
====== Using 2017/8 HLT set =======
Processing /isilon/hadoop/store/user/dryu/DijetSkim/v2_0_7/QCD_Pt_2017/QCD_Pt_300to470_TuneCP5_13TeV_pythia8/QCD_Pt_300to470/201215_062735/0000/nanoskim_32.root
====== Using 2017/8 HLT set =======
Processing /isilon/hadoop/store/user/dryu/DijetSkim/v2_0_7/QCD_Pt_2017/QCD_Pt_300to470_TuneCP5_13TeV_pythia8/QCD_Pt_300to470/201215_062735/0000/nanoskim_19.root
====== Using 2017/8 HLT set =======
Processing /isilon/hadoop/store/user/dryu/DijetSkim/v2_0_7/QCD_Pt_2017/QCD_Pt_300to470_TuneCP5_13TeV_pythia8/QCD_Pt_300to470/201215_062735/0000/nanoskim_39.root
====== Using 2017/8 HLT set =======
Processing /isilon/hadoop/store/user/dryu/DijetSkim/v2_0_7/QCD_Pt_2017/QCD_Pt_300to470_TuneCP5_13TeV_pythia8/QCD_Pt_300to470/201215_062735/0000/nanoskim_3.root
====== Using 2017/8 HLT set =======
Processing /isilon/hadoop/store/user/dryu/DijetSkim/v2_0_7/QCD_Pt_2017/QCD_Pt_300to470_TuneCP5_13TeV_pythia8/QCD_Pt_300to470/201215_062735/0000/nanoskim_20.root
====== Using 2017/8 HLT set =======
Processing /isilon/hadoop/store/user/dryu/DijetSkim/v2_0_7/QCD_Pt_2017/QCD_Pt_300to470_TuneCP5_13TeV_pythia8/QCD_Pt_300to470/201215_062735/0000/nanoskim_18.root
====== Using 2017/8 HLT set =======
Processing /isilon/hadoop/store/user/dryu/DijetSkim/v2_0_7/QCD_Pt_2017/QCD_Pt_300to470_TuneCP5_13TeV_pythia8/QCD_Pt_300to470/201215_062735/0000/nanoskim_24.root
====== Using 2017/8 HLT set =======
Processing /isilon/hadoop/store/user/dryu/DijetSkim/v2_0_7/QCD_Pt_2017/QCD_Pt_300to470_TuneCP5_13TeV_pythia8/QCD_Pt_300to470/201215_062735/0000/nanoskim_12.root
====== Using 2017/8 HLT set =======
Processing /isilon/hadoop/store/user/dryu/DijetSkim/v2_0_7/QCD_Pt_2017/QCD_Pt_300to470_TuneCP5_13TeV_pythia8/QCD_Pt_300to470/201215_062735/0000/nanoskim_34.root
====== Using 2017/8 HLT set =======
Processing /isilon/hadoop/store/user/dryu/DijetSkim/v2_0_7/QCD_Pt_2017/QCD_Pt_300to470_TuneCP5_13TeV_pythia8/QCD_Pt_300to470/201215_062735/0000/nanoskim_37.root
====== Using 2017/8 HLT set =======
Processing /isilon/hadoop/store/user/dryu/DijetSkim/v2_0_7/QCD_Pt_2017/QCD_Pt_300to470_TuneCP5_13TeV_pythia8/QCD_Pt_300to470/201215_062735/0000/nanoskim_30.root
====== Using 2017/8 HLT set =======
Processing /isilon/hadoop/store/user/dryu/DijetSkim/v2_0_7/QCD_Pt_2017/QCD_Pt_300to470_TuneCP5_13TeV_pythia8/QCD_Pt_300to470/201215_062735/0000/nanoskim_10.root
====== Using 2017/8 HLT set =======
Processing /isilon/hadoop/store/user/dryu/DijetSkim/v2_0_7/QCD_Pt_2017/QCD_Pt_300to470_TuneCP5_13TeV_pythia8/QCD_Pt_300to470/201215_062735/0000/nanoskim_1.root
====== Using 2017/8 HLT set =======
Processing /isilon/hadoop/store/user/dryu/DijetSkim/v2_0_7/QCD_Pt_2017/QCD_Pt_300to470_TuneCP5_13TeV_pythia8/QCD_Pt_300to470/201215_062735/0000/nanoskim_35.root
====== Using 2017/8 HLT set =======
Processing /isilon/hadoop/store/user/dryu/DijetSkim/v2_0_7/QCD_Pt_2017/QCD_Pt_300to470_TuneCP5_13TeV_pythia8/QCD_Pt_300to470/201215_062735/0000/nanoskim_4.root
====== Using 2017/8 HLT set =======
Processing /isilon/hadoop/store/user/dryu/DijetSkim/v2_0_7/QCD_Pt_2017/QCD_Pt_300to470_TuneCP5_13TeV_pythia8/QCD_Pt_300to470/201215_062735/0000/nanoskim_13.root
====== Using 2017/8 HLT set =======
Processing /isilon/hadoop/store/user/dryu/DijetSkim/v2_0_7/QCD_Pt_2017/QCD_Pt_300to470_TuneCP5_13TeV_pythia8/QCD_Pt_300to470/201215_062735/0000/nanoskim_38.root
====== Using 2017/8 HLT set =======
Processing /isilon/hadoop/store/user/dryu/DijetSkim/v2_0_7/QCD_Pt_2017/QCD_Pt_300to470_TuneCP5_13TeV_pythia8/QCD_Pt_300to470/201215_062735/0000/nanoskim_31.root
====== Using 2017/8 HLT set =======
Processing /isilon/hadoop/store/user/dryu/DijetSkim/v2_0_7/QCD_Pt_2017/QCD_Pt_300to470_TuneCP5_13TeV_pythia8/QCD_Pt_300to470/201215_062735/0000/nanoskim_17.root
====== Using 2017/8 HLT set =======
Processing /isilon/hadoop/store/user/dryu/DijetSkim/v2_0_7/QCD_Pt_2017/QCD_Pt_300to470_TuneCP5_13TeV_pythia8/QCD_Pt_300to470/201215_062735/0000/nanoskim_2.root
====== Using 2017/8 HLT set =======
Processing /isilon/hadoop/store/user/dryu/DijetSkim/v2_0_7/QCD_Pt_2017/QCD_Pt_300to470_TuneCP5_13TeV_pythia8/QCD_Pt_300to470/201215_062735/0000/nanoskim_29.root
====== Using 2017/8 HLT set =======
Processing /isilon/hadoop/store/user/dryu/DijetSkim/v2_0_7/QCD_Pt_2017/QCD_Pt_300to470_TuneCP5_13TeV_pythia8/QCD_Pt_300to470/201215_062735/0000/nanoskim_21.root
====== Using 2017/8 HLT set =======
Processing /isilon/hadoop/store/user/dryu/DijetSkim/v2_0_7/QCD_Pt_2017/QCD_Pt_300to470_TuneCP5_13TeV_pythia8/QCD_Pt_300to470/201215_062735/0000/nanoskim_25.root
====== Using 2017/8 HLT set =======
Processing /isilon/hadoop/store/user/dryu/DijetSkim/v2_0_7/QCD_Pt_2017/QCD_Pt_300to470_TuneCP5_13TeV_pythia8/QCD_Pt_300to470/201215_062735/0000/nanoskim_36.root
====== Using 2017/8 HLT set =======
Processing /isilon/hadoop/store/user/dryu/DijetSkim/v2_0_7/QCD_Pt_2017/QCD_Pt_300to470_TuneCP5_13TeV_pythia8/QCD_Pt_300to470/201215_062735/0000/nanoskim_41.root
====== Using 2017/8 HLT set =======
Processing /isilon/hadoop/store/user/dryu/DijetSkim/v2_0_7/QCD_Pt_2017/QCD_Pt_300to470_TuneCP5_13TeV_pythia8/QCD_Pt_300to470/201215_062735/0000/nanoskim_40.root
====== Using 2017/8 HLT set =======
Processing /isilon/hadoop/store/user/dryu/DijetSkim/v2_0_7/QCD_Pt_2017/QCD_Pt_300to470_TuneCP5_13TeV_pythia8/QCD_Pt_300to470/201215_062735/0000/nanoskim_27.root
====== Using 2017/8 HLT set =======
Processing /isilon/hadoop/store/user/dryu/DijetSkim/v2_0_7/QCD_Pt_2017/QCD_Pt_300to470_TuneCP5_13TeV_pythia8/QCD_Pt_300to470/201215_062735/0000/nanoskim_23.root
====== Using 2017/8 HLT set =======
Processing /isilon/hadoop/store/user/dryu/DijetSkim/v2_0_7/QCD_Pt_2017/QCD_Pt_300to470_TuneCP5_13TeV_pythia8/QCD_Pt_300to470/201215_062735/0000/nanoskim_14.root
====== Using 2017/8 HLT set =======
Processing /isilon/hadoop/store/user/dryu/DijetSkim/v2_0_7/QCD_Pt_2017/QCD_Pt_300to470_TuneCP5_13TeV_pythia8/QCD_Pt_300to470/201215_062735/0000/nanoskim_42.root
====== Using 2017/8 HLT set =======
Processing /isilon/hadoop/store/user/dryu/DijetSkim/v2_0_7/QCD_Pt_2017/QCD_Pt_300to470_TuneCP5_13TeV_pythia8/QCD_Pt_300to470/201215_062735/0000/nanoskim_5.root
====== Using 2017/8 HLT set =======
Processing /isilon/hadoop/store/user/dryu/DijetSkim/v2_0_7/QCD_Pt_2017/QCD_Pt_300to470_TuneCP5_13TeV_pythia8/QCD_Pt_300to470/201215_062735/0000/nanoskim_9.root
====== Using 2017/8 HLT set =======
Processing /isilon/hadoop/store/user/dryu/DijetSkim/v2_0_7/QCD_Pt_2017/QCD_Pt_300to470_TuneCP5_13TeV_pythia8/QCD_Pt_300to470/201215_062735/0000/nanoskim_11.root
====== Using 2017/8 HLT set =======
Processing /isilon/hadoop/store/user/dryu/DijetSkim/v2_0_7/QCD_Pt_2017/QCD_Pt_300to470_TuneCP5_13TeV_pythia8/QCD_Pt_300to470/201215_062735/0000/nanoskim_6.root
====== Using 2017/8 HLT set =======
Processing /isilon/hadoop/store/user/dryu/DijetSkim/v2_0_7/QCD_Pt_2017/QCD_Pt_300to470_TuneCP5_13TeV_pythia8/QCD_Pt_300to470/201215_062735/0000/nanoskim_16.root
====== Using 2017/8 HLT set =======
Processing /isilon/hadoop/store/user/dryu/DijetSkim/v2_0_7/QCD_Pt_2017/QCD_Pt_300to470_TuneCP5_13TeV_pythia8/QCD_Pt_300to470/201215_062735/0000/nanoskim_28.root
====== Using 2017/8 HLT set =======
Processing /isilon/hadoop/store/user/dryu/DijetSkim/v2_0_7/QCD_Pt_2017/QCD_Pt_300to470_TuneCP5_13TeV_pythia8/QCD_Pt_300to470/201215_062735/0000/nanoskim_26.root
====== Using 2017/8 HLT set =======
Processing /isilon/hadoop/store/user/dryu/DijetSkim/v2_0_7/QCD_Pt_2017/QCD_Pt_300to470_TuneCP5_13TeV_pythia8/QCD_Pt_300to470/201215_062735/0000/nanoskim_15.root
====== Using 2017/8 HLT set =======
Processing /isilon/hadoop/store/user/dryu/DijetSkim/v2_0_7/QCD_Pt_2017/QCD_Pt_300to470_TuneCP5_13TeV_pythia8/QCD_Pt_300to470/201215_062735/0000/nanoskim_22.root
====== Using 2017/8 HLT set =======
Processing /isilon/hadoop/store/user/dryu/DijetSkim/v2_0_7/QCD_Pt_2017/QCD_Pt_300to470_TuneCP5_13TeV_pythia8/QCD_Pt_300to470/201215_062735/0000/nanoskim_7.root
====== Using 2017/8 HLT set =======
Processing /isilon/hadoop/store/user/dryu/DijetSkim/v2_0_7/QCD_Pt_2017/QCD_Pt_300to470_TuneCP5_13TeV_pythia8/QCD_Pt_300to470/201215_062735/0000/nanoskim_33.root
====== Using 2017/8 HLT set =======
109308273 5995449 0
Info in <TCanvas::Print>: png file dijet_m.png has been created
Info in <TCanvas::Print>: png file njet.png has been created
selectTrijet: Real Time = 5182.57 seconds Cpu Time = 913.94 seconds

Processing selection/select_ML_QCD.C+("QCD_Pt_470to600","outputs",-1,2017)...
begin loop over files
Processing /isilon/hadoop/store/user/dryu/DijetSkim/v2_0_7/QCD_Pt_2017/QCD_Pt_470to600_TuneCP5_13TeV_pythia8/QCD_Pt_470to600/201215_063220/0000/nanoskim_8.root
Warning in <TClass::Init>: no dictionary for class edm::Hash<1> is available
Warning in <TClass::Init>: no dictionary for class edm::ProcessHistory is available
Warning in <TClass::Init>: no dictionary for class edm::ProcessConfiguration is available
Warning in <TClass::Init>: no dictionary for class edm::ParameterSetBlob is available
Warning in <TClass::Init>: no dictionary for class pair<edm::Hash<1>,edm::ParameterSetBlob> is available
====== Using 2017/8 HLT set =======
Processing /isilon/hadoop/store/user/dryu/DijetSkim/v2_0_7/QCD_Pt_2017/QCD_Pt_470to600_TuneCP5_13TeV_pythia8/QCD_Pt_470to600/201215_063220/0000/nanoskim_32.root
====== Using 2017/8 HLT set =======
Processing /isilon/hadoop/store/user/dryu/DijetSkim/v2_0_7/QCD_Pt_2017/QCD_Pt_470to600_TuneCP5_13TeV_pythia8/QCD_Pt_470to600/201215_063220/0000/nanoskim_19.root
====== Using 2017/8 HLT set =======
Processing /isilon/hadoop/store/user/dryu/DijetSkim/v2_0_7/QCD_Pt_2017/QCD_Pt_470to600_TuneCP5_13TeV_pythia8/QCD_Pt_470to600/201215_063220/0000/nanoskim_3.root
====== Using 2017/8 HLT set =======
Processing /isilon/hadoop/store/user/dryu/DijetSkim/v2_0_7/QCD_Pt_2017/QCD_Pt_470to600_TuneCP5_13TeV_pythia8/QCD_Pt_470to600/201215_063220/0000/nanoskim_20.root
====== Using 2017/8 HLT set =======
Processing /isilon/hadoop/store/user/dryu/DijetSkim/v2_0_7/QCD_Pt_2017/QCD_Pt_470to600_TuneCP5_13TeV_pythia8/QCD_Pt_470to600/201215_063220/0000/nanoskim_18.root
====== Using 2017/8 HLT set =======
Processing /isilon/hadoop/store/user/dryu/DijetSkim/v2_0_7/QCD_Pt_2017/QCD_Pt_470to600_TuneCP5_13TeV_pythia8/QCD_Pt_470to600/201215_063220/0000/nanoskim_24.root
====== Using 2017/8 HLT set =======
Processing /isilon/hadoop/store/user/dryu/DijetSkim/v2_0_7/QCD_Pt_2017/QCD_Pt_470to600_TuneCP5_13TeV_pythia8/QCD_Pt_470to600/201215_063220/0000/nanoskim_12.root
====== Using 2017/8 HLT set =======
Processing /isilon/hadoop/store/user/dryu/DijetSkim/v2_0_7/QCD_Pt_2017/QCD_Pt_470to600_TuneCP5_13TeV_pythia8/QCD_Pt_470to600/201215_063220/0000/nanoskim_34.root
====== Using 2017/8 HLT set =======
Processing /isilon/hadoop/store/user/dryu/DijetSkim/v2_0_7/QCD_Pt_2017/QCD_Pt_470to600_TuneCP5_13TeV_pythia8/QCD_Pt_470to600/201215_063220/0000/nanoskim_30.root
====== Using 2017/8 HLT set =======
Processing /isilon/hadoop/store/user/dryu/DijetSkim/v2_0_7/QCD_Pt_2017/QCD_Pt_470to600_TuneCP5_13TeV_pythia8/QCD_Pt_470to600/201215_063220/0000/nanoskim_10.root
====== Using 2017/8 HLT set =======
Processing /isilon/hadoop/store/user/dryu/DijetSkim/v2_0_7/QCD_Pt_2017/QCD_Pt_470to600_TuneCP5_13TeV_pythia8/QCD_Pt_470to600/201215_063220/0000/nanoskim_1.root
====== Using 2017/8 HLT set =======
Processing /isilon/hadoop/store/user/dryu/DijetSkim/v2_0_7/QCD_Pt_2017/QCD_Pt_470to600_TuneCP5_13TeV_pythia8/QCD_Pt_470to600/201215_063220/0000/nanoskim_4.root
====== Using 2017/8 HLT set =======
Processing /isilon/hadoop/store/user/dryu/DijetSkim/v2_0_7/QCD_Pt_2017/QCD_Pt_470to600_TuneCP5_13TeV_pythia8/QCD_Pt_470to600/201215_063220/0000/nanoskim_13.root
====== Using 2017/8 HLT set =======
Processing /isilon/hadoop/store/user/dryu/DijetSkim/v2_0_7/QCD_Pt_2017/QCD_Pt_470to600_TuneCP5_13TeV_pythia8/QCD_Pt_470to600/201215_063220/0000/nanoskim_31.root
====== Using 2017/8 HLT set =======
Processing /isilon/hadoop/store/user/dryu/DijetSkim/v2_0_7/QCD_Pt_2017/QCD_Pt_470to600_TuneCP5_13TeV_pythia8/QCD_Pt_470to600/201215_063220/0000/nanoskim_17.root
====== Using 2017/8 HLT set =======
Processing /isilon/hadoop/store/user/dryu/DijetSkim/v2_0_7/QCD_Pt_2017/QCD_Pt_470to600_TuneCP5_13TeV_pythia8/QCD_Pt_470to600/201215_063220/0000/nanoskim_2.root
====== Using 2017/8 HLT set =======
Processing /isilon/hadoop/store/user/dryu/DijetSkim/v2_0_7/QCD_Pt_2017/QCD_Pt_470to600_TuneCP5_13TeV_pythia8/QCD_Pt_470to600/201215_063220/0000/nanoskim_29.root
====== Using 2017/8 HLT set =======
Processing /isilon/hadoop/store/user/dryu/DijetSkim/v2_0_7/QCD_Pt_2017/QCD_Pt_470to600_TuneCP5_13TeV_pythia8/QCD_Pt_470to600/201215_063220/0000/nanoskim_21.root
====== Using 2017/8 HLT set =======
Processing /isilon/hadoop/store/user/dryu/DijetSkim/v2_0_7/QCD_Pt_2017/QCD_Pt_470to600_TuneCP5_13TeV_pythia8/QCD_Pt_470to600/201215_063220/0000/nanoskim_25.root
====== Using 2017/8 HLT set =======
Processing /isilon/hadoop/store/user/dryu/DijetSkim/v2_0_7/QCD_Pt_2017/QCD_Pt_470to600_TuneCP5_13TeV_pythia8/QCD_Pt_470to600/201215_063220/0000/nanoskim_27.root
====== Using 2017/8 HLT set =======
Processing /isilon/hadoop/store/user/dryu/DijetSkim/v2_0_7/QCD_Pt_2017/QCD_Pt_470to600_TuneCP5_13TeV_pythia8/QCD_Pt_470to600/201215_063220/0000/nanoskim_23.root
====== Using 2017/8 HLT set =======
Processing /isilon/hadoop/store/user/dryu/DijetSkim/v2_0_7/QCD_Pt_2017/QCD_Pt_470to600_TuneCP5_13TeV_pythia8/QCD_Pt_470to600/201215_063220/0000/nanoskim_14.root
====== Using 2017/8 HLT set =======
Processing /isilon/hadoop/store/user/dryu/DijetSkim/v2_0_7/QCD_Pt_2017/QCD_Pt_470to600_TuneCP5_13TeV_pythia8/QCD_Pt_470to600/201215_063220/0000/nanoskim_5.root
====== Using 2017/8 HLT set =======
Processing /isilon/hadoop/store/user/dryu/DijetSkim/v2_0_7/QCD_Pt_2017/QCD_Pt_470to600_TuneCP5_13TeV_pythia8/QCD_Pt_470to600/201215_063220/0000/nanoskim_9.root
====== Using 2017/8 HLT set =======
Processing /isilon/hadoop/store/user/dryu/DijetSkim/v2_0_7/QCD_Pt_2017/QCD_Pt_470to600_TuneCP5_13TeV_pythia8/QCD_Pt_470to600/201215_063220/0000/nanoskim_11.root
====== Using 2017/8 HLT set =======
Processing /isilon/hadoop/store/user/dryu/DijetSkim/v2_0_7/QCD_Pt_2017/QCD_Pt_470to600_TuneCP5_13TeV_pythia8/QCD_Pt_470to600/201215_063220/0000/nanoskim_6.root
====== Using 2017/8 HLT set =======
Processing /isilon/hadoop/store/user/dryu/DijetSkim/v2_0_7/QCD_Pt_2017/QCD_Pt_470to600_TuneCP5_13TeV_pythia8/QCD_Pt_470to600/201215_063220/0000/nanoskim_16.root
====== Using 2017/8 HLT set =======
Processing /isilon/hadoop/store/user/dryu/DijetSkim/v2_0_7/QCD_Pt_2017/QCD_Pt_470to600_TuneCP5_13TeV_pythia8/QCD_Pt_470to600/201215_063220/0000/nanoskim_28.root
====== Using 2017/8 HLT set =======
Processing /isilon/hadoop/store/user/dryu/DijetSkim/v2_0_7/QCD_Pt_2017/QCD_Pt_470to600_TuneCP5_13TeV_pythia8/QCD_Pt_470to600/201215_063220/0000/nanoskim_26.root
====== Using 2017/8 HLT set =======
Processing /isilon/hadoop/store/user/dryu/DijetSkim/v2_0_7/QCD_Pt_2017/QCD_Pt_470to600_TuneCP5_13TeV_pythia8/QCD_Pt_470to600/201215_063220/0000/nanoskim_15.root
====== Using 2017/8 HLT set =======
Processing /isilon/hadoop/store/user/dryu/DijetSkim/v2_0_7/QCD_Pt_2017/QCD_Pt_470to600_TuneCP5_13TeV_pythia8/QCD_Pt_470to600/201215_063220/0000/nanoskim_22.root
====== Using 2017/8 HLT set =======
Processing /isilon/hadoop/store/user/dryu/DijetSkim/v2_0_7/QCD_Pt_2017/QCD_Pt_470to600_TuneCP5_13TeV_pythia8/QCD_Pt_470to600/201215_063220/0000/nanoskim_7.root
====== Using 2017/8 HLT set =======
Processing /isilon/hadoop/store/user/dryu/DijetSkim/v2_0_7/QCD_Pt_2017/QCD_Pt_470to600_TuneCP5_13TeV_pythia8/QCD_Pt_470to600/201215_063220/0000/nanoskim_33.root
====== Using 2017/8 HLT set =======
27791204 21221896 0
Info in <TCanvas::Print>: png file dijet_m.png has been created
Info in <TCanvas::Print>: png file njet.png has been created
selectTrijet: Real Time = 1650.62 seconds Cpu Time = 533.25 seconds

Processing selection/select_ML_QCD.C+("QCD_Pt_600to800","outputs",-1,2017)...
begin loop over files
Processing /isilon/hadoop/store/user/dryu/DijetSkim/v2_0_7/QCD_Pt_2017/QCD_Pt_600to800_TuneCP5_13TeV_pythia8/QCD_Pt_600to800/201215_151606/0000/nanoskim_8.root
Warning in <TClass::Init>: no dictionary for class edm::Hash<1> is available
Warning in <TClass::Init>: no dictionary for class edm::ProcessHistory is available
Warning in <TClass::Init>: no dictionary for class edm::ProcessConfiguration is available
Warning in <TClass::Init>: no dictionary for class edm::ParameterSetBlob is available
Warning in <TClass::Init>: no dictionary for class pair<edm::Hash<1>,edm::ParameterSetBlob> is available
====== Using 2017/8 HLT set =======
Processing /isilon/hadoop/store/user/dryu/DijetSkim/v2_0_7/QCD_Pt_2017/QCD_Pt_600to800_TuneCP5_13TeV_pythia8/QCD_Pt_600to800/201215_151606/0000/nanoskim_32.root
====== Using 2017/8 HLT set =======
Processing /isilon/hadoop/store/user/dryu/DijetSkim/v2_0_7/QCD_Pt_2017/QCD_Pt_600to800_TuneCP5_13TeV_pythia8/QCD_Pt_600to800/201215_151606/0000/nanoskim_19.root
====== Using 2017/8 HLT set =======
Processing /isilon/hadoop/store/user/dryu/DijetSkim/v2_0_7/QCD_Pt_2017/QCD_Pt_600to800_TuneCP5_13TeV_pythia8/QCD_Pt_600to800/201215_151606/0000/nanoskim_39.root
====== Using 2017/8 HLT set =======
Processing /isilon/hadoop/store/user/dryu/DijetSkim/v2_0_7/QCD_Pt_2017/QCD_Pt_600to800_TuneCP5_13TeV_pythia8/QCD_Pt_600to800/201215_151606/0000/nanoskim_3.root
====== Using 2017/8 HLT set =======
Processing /isilon/hadoop/store/user/dryu/DijetSkim/v2_0_7/QCD_Pt_2017/QCD_Pt_600to800_TuneCP5_13TeV_pythia8/QCD_Pt_600to800/201215_151606/0000/nanoskim_20.root
====== Using 2017/8 HLT set =======
Processing /isilon/hadoop/store/user/dryu/DijetSkim/v2_0_7/QCD_Pt_2017/QCD_Pt_600to800_TuneCP5_13TeV_pythia8/QCD_Pt_600to800/201215_151606/0000/nanoskim_18.root
====== Using 2017/8 HLT set =======
Processing /isilon/hadoop/store/user/dryu/DijetSkim/v2_0_7/QCD_Pt_2017/QCD_Pt_600to800_TuneCP5_13TeV_pythia8/QCD_Pt_600to800/201215_151606/0000/nanoskim_24.root
====== Using 2017/8 HLT set =======
Processing /isilon/hadoop/store/user/dryu/DijetSkim/v2_0_7/QCD_Pt_2017/QCD_Pt_600to800_TuneCP5_13TeV_pythia8/QCD_Pt_600to800/201215_151606/0000/nanoskim_12.root
====== Using 2017/8 HLT set =======
Processing /isilon/hadoop/store/user/dryu/DijetSkim/v2_0_7/QCD_Pt_2017/QCD_Pt_600to800_TuneCP5_13TeV_pythia8/QCD_Pt_600to800/201215_151606/0000/nanoskim_54.root
====== Using 2017/8 HLT set =======
Processing /isilon/hadoop/store/user/dryu/DijetSkim/v2_0_7/QCD_Pt_2017/QCD_Pt_600to800_TuneCP5_13TeV_pythia8/QCD_Pt_600to800/201215_151606/0000/nanoskim_34.root
====== Using 2017/8 HLT set =======
Processing /isilon/hadoop/store/user/dryu/DijetSkim/v2_0_7/QCD_Pt_2017/QCD_Pt_600to800_TuneCP5_13TeV_pythia8/QCD_Pt_600to800/201215_151606/0000/nanoskim_37.root
====== Using 2017/8 HLT set =======
Processing /isilon/hadoop/store/user/dryu/DijetSkim/v2_0_7/QCD_Pt_2017/QCD_Pt_600to800_TuneCP5_13TeV_pythia8/QCD_Pt_600to800/201215_151606/0000/nanoskim_30.root
====== Using 2017/8 HLT set =======
12799311 12733899 0
Info in <TCanvas::Print>: png file dijet_m.png has been created
Info in <TCanvas::Print>: png file njet.png has been created
selectTrijet: Real Time = 718.28 seconds Cpu Time = 316.43 seconds

Processing selection/select_ML_QCD.C+("QCD_Pt_800to1000","outputs",-1,2017)...
begin loop over files
Processing /isilon/hadoop/store/user/dryu/DijetSkim/v2_0_7/QCD_Pt_2017/QCD_Pt_800to1000_TuneCP5_13TeV_pythia8/QCD_Pt_800to1000_ext1/201215_152048/0000/nanoskim_8.root
Warning in <TClass::Init>: no dictionary for class edm::Hash<1> is available
Warning in <TClass::Init>: no dictionary for class edm::ProcessHistory is available
Warning in <TClass::Init>: no dictionary for class edm::ProcessConfiguration is available
Warning in <TClass::Init>: no dictionary for class edm::ParameterSetBlob is available
Warning in <TClass::Init>: no dictionary for class pair<edm::Hash<1>,edm::ParameterSetBlob> is available
====== Using 2017/8 HLT set =======
Processing /isilon/hadoop/store/user/dryu/DijetSkim/v2_0_7/QCD_Pt_2017/QCD_Pt_800to1000_TuneCP5_13TeV_pythia8/QCD_Pt_800to1000_ext1/201215_152048/0000/nanoskim_32.root
====== Using 2017/8 HLT set =======
Processing /isilon/hadoop/store/user/dryu/DijetSkim/v2_0_7/QCD_Pt_2017/QCD_Pt_800to1000_TuneCP5_13TeV_pythia8/QCD_Pt_800to1000_ext1/201215_152048/0000/nanoskim_19.root
====== Using 2017/8 HLT set =======
1905945 1905207 0
Info in <TCanvas::Print>: png file dijet_m.png has been created
Info in <TCanvas::Print>: png file njet.png has been created
selectTrijet: Real Time = 125.32 seconds Cpu Time =  55.50 seconds

Processing selection/select_ML_QCD.C+("QCD_Pt_1000to1400","outputs",-1,2017)...
begin loop over files
Processing /isilon/hadoop/store/user/dryu/DijetSkim/v2_0_7/QCD_Pt_2017/QCD_Pt_1000to1400_TuneCP5_13TeV_pythia8/QCD_Pt_1000to1400/201215_061743/0000/nanoskim_8.root
Warning in <TClass::Init>: no dictionary for class edm::Hash<1> is available
Warning in <TClass::Init>: no dictionary for class edm::ProcessHistory is available
Warning in <TClass::Init>: no dictionary for class edm::ProcessConfiguration is available
Warning in <TClass::Init>: no dictionary for class edm::ParameterSetBlob is available
Warning in <TClass::Init>: no dictionary for class pair<edm::Hash<1>,edm::ParameterSetBlob> is available
====== Using 2017/8 HLT set =======
1517307 1517190 0
Info in <TCanvas::Print>: png file dijet_m.png has been created
Info in <TCanvas::Print>: png file njet.png has been created
selectTrijet: Real Time = 109.70 seconds Cpu Time =  47.84 seconds

Processing selection/select_ML_QCD.C+("QCD_Pt_1400to1800","outputs",-1,2017)...
begin loop over files
Processing /isilon/hadoop/store/user/dryu/DijetSkim/v2_0_7/QCD_Pt_2017/QCD_Pt_1400to1800_TuneCP5_13TeV_pythia8/QCD_Pt_1400to1800_ext1/201215_062121/0000/nanoskim_8.root
Warning in <TClass::Init>: no dictionary for class edm::Hash<1> is available
Warning in <TClass::Init>: no dictionary for class edm::ProcessHistory is available
Warning in <TClass::Init>: no dictionary for class edm::ProcessConfiguration is available
Warning in <TClass::Init>: no dictionary for class edm::ParameterSetBlob is available
Warning in <TClass::Init>: no dictionary for class pair<edm::Hash<1>,edm::ParameterSetBlob> is available
====== Using 2017/8 HLT set =======
776000 775990 0
Info in <TCanvas::Print>: png file dijet_m.png has been created
Info in <TCanvas::Print>: png file njet.png has been created
selectTrijet: Real Time =  53.08 seconds Cpu Time =  25.30 seconds

Processing selection/select_ML_QCD.C+("QCD_Pt_1800to2400","outputs",15000,2017)...
begin loop over files
Processing /isilon/hadoop/store/user/dryu/DijetSkim/v2_0_7/QCD_Pt_2017/QCD_Pt_1800to2400_TuneCP5_13TeV_pythia8/QCD_Pt_1800to2400/201215_062323/0000/nanoskim_3.root
Warning in <TClass::Init>: no dictionary for class edm::Hash<1> is available
Warning in <TClass::Init>: no dictionary for class edm::ProcessHistory is available
Warning in <TClass::Init>: no dictionary for class edm::ProcessConfiguration is available
Warning in <TClass::Init>: no dictionary for class edm::ParameterSetBlob is available
Warning in <TClass::Init>: no dictionary for class pair<edm::Hash<1>,edm::ParameterSetBlob> is available
====== Using 2017/8 HLT set =======
856734 856733 0
Info in <TCanvas::Print>: png file dijet_m.png has been created
Info in <TCanvas::Print>: png file njet.png has been created
selectTrijet: Real Time =  60.81 seconds Cpu Time =  27.19 seconds

Processing selection/select_ML_QCD.C+("QCD_Pt_2400to3200","outputs",1500,2017)...
begin loop over files
Processing /isilon/hadoop/store/user/dryu/DijetSkim/v2_0_7/QCD_Pt_2017/QCD_Pt_2400to3200_TuneCP5_13TeV_pythia8/QCD_Pt_2400to3200/201215_062534/0000/nanoskim_3.root
Warning in <TClass::Init>: no dictionary for class edm::Hash<1> is available
Warning in <TClass::Init>: no dictionary for class edm::ProcessHistory is available
Warning in <TClass::Init>: no dictionary for class edm::ProcessConfiguration is available
Warning in <TClass::Init>: no dictionary for class edm::ParameterSetBlob is available
Warning in <TClass::Init>: no dictionary for class pair<edm::Hash<1>,edm::ParameterSetBlob> is available
====== Using 2017/8 HLT set =======
1485987 1485984 0
Info in <TCanvas::Print>: png file dijet_m.png has been created
Info in <TCanvas::Print>: png file njet.png has been created
selectTrijet: Real Time = 104.45 seconds Cpu Time =  44.41 seconds

Processing selection/select_ML_QCD.C+("QCD_Pt_3200toInf","outputs",500,2017)...
begin loop over files
Processing /isilon/hadoop/store/user/dryu/DijetSkim/v2_0_7/QCD_Pt_2017/QCD_Pt_3200toInf_TuneCP5_13TeV_pythia8/QCD_Pt_3200toInf/201215_063046/0000/nanoskim_1.root
Warning in <TClass::Init>: no dictionary for class edm::Hash<1> is available
Warning in <TClass::Init>: no dictionary for class edm::ProcessHistory is available
Warning in <TClass::Init>: no dictionary for class edm::ProcessConfiguration is available
Warning in <TClass::Init>: no dictionary for class edm::ParameterSetBlob is available
Warning in <TClass::Init>: no dictionary for class pair<edm::Hash<1>,edm::ParameterSetBlob> is available
====== Using 2017/8 HLT set =======
757837 757836 0
Info in <TCanvas::Print>: png file dijet_m.png has been created
Info in <TCanvas::Print>: png file njet.png has been created
selectTrijet: Real Time =  54.10 seconds Cpu Time =  21.67 seconds
Please check samples to process:  ['QCD_Pt_300to470', 'QCD_Pt_470to600', 'QCD_Pt_600to800', 'QCD_Pt_800to1000', 'QCD_Pt_1000to1400', 'QCD_Pt_1400to1800', 'QCD_Pt_1800to2400', 'QCD_Pt_2400to3200', 'QCD_Pt_3200toInf']
For QCD_Pt_300to470, 109 file(s) will be processed
For QCD_Pt_470to600, 34 file(s) will be processed
For QCD_Pt_600to800, 13 file(s) will be processed
For QCD_Pt_800to1000, 3 file(s) will be processed
For QCD_Pt_1000to1400, 1 file(s) will be processed
For QCD_Pt_1400to1800, 1 file(s) will be processed
For QCD_Pt_1800to2400, 1 file(s) will be processed
For QCD_Pt_2400to3200, 1 file(s) will be processed
For QCD_Pt_3200toInf, 1 file(s) will be processed
Events to be processed:  -1
Events to be processed:  -1
Events to be processed:  -1
Events to be processed:  -1
Events to be processed:  -1
Events to be processed:  -1
Processing QCD samples from which we only need a small amount of events!
Events to be processed:  15000
Processing QCD samples from which we only need a small amount of events!
Events to be processed:  1500
Processing QCD samples from which we only need a small amount of events!
Events to be processed:  500
